#
# A fatal error has been detected by the Java Runtime Environment:
#
#  SIGSEGV (0xb) at pc=0xb76d256f, pid=10191, tid=1950976832
#
# JRE version: OpenJDK Runtime Environment (7.0_65-b32) (build 1.7.0_65-b32)
# Java VM: OpenJDK Server VM (24.65-b04 mixed mode linux-x86 )
# Derivative: IcedTea 2.5.3
# Distribution: Ubuntu 14.04 LTS, package 7u71-2.5.3-0ubuntu0.14.04.1
# Problematic frame:
# C  [libc.so.6+0x12f56f]
#
# Failed to write core dump. Core dumps have been disabled. To enable core dumping, try "ulimit -c unlimited" before starting Java again
#
# If you would like to submit a bug report, please include
# instructions on how to reproduce the bug and visit:
#   http://icedtea.classpath.org/bugzilla
# The crash happened outside the Java Virtual Machine in native code.
# See problematic frame for where to report the bug.
#

---------------  T H R E A D  ---------------

Current thread (0x79087400):  JavaThread "LWJGL Application" [_thread_in_native, id=10212, stack(0x74448000,0x74499000)]

siginfo:si_signo=SIGSEGV: si_errno=0, si_code=1 (SEGV_MAPERR), si_addr=0x00000000

Registers:
EAX=0xa3d466d4, EBX=0xb76d256a, ECX=0x00000020, EDX=0x00000020
ESP=0x74497d98, EBP=0xa3d466b4, ESI=0x79087528, EDI=0x00000000
EIP=0xb76d256f, EFLAGS=0x00210287, CR2=0x00000000

Top of Stack: (sp=0x74497d98)
0x74497d98:   79f38000 79f07af1 00000000 a3d466b4
0x74497da8:   00000020 09fadaf0 79087528 73e96b06
0x74497db8:   00000000 00000000 74497df0 79087400
0x74497dc8:   74497e08 b345235a 79087528 74497df0
0x74497dd8:   74497de8 74497dec 00000008 00000000
0x74497de8:   a3d466a8 a3d465b8 84dd9a08 09fadaf0
0x74497df8:   00000000 743b1190 00000000 84d93b50
0x74497e08:   a3d465b8 b3451f04 00000008 00000000 

Instructions: (pc=0xb76d256f)
0xb76d254f:   d6 42 f4 8b 48 fc 89 4a fc 8b 44 24 08 5b c3 66
0xb76d255f:   90 f3 0f 7e 40 d8 66 0f d6 42 d8 f3 0f 7e 40 e0
0xb76d256f:   66 0f d6 42 e0 f3 0f 7e 40 e8 66 0f d6 42 e8 f3
0xb76d257f:   0f 7e 40 f0 66 0f d6 42 f0 f3 0f 7e 40 f8 66 0f 

Register to memory mapping:

EAX=0xa3d466d4 is an unknown value
EBX=0xb76d256a: <offset 0x12f56a> in /lib/i386-linux-gnu/libc.so.6 at 0xb75a3000
ECX=0x00000020 is an unknown value
EDX=0x00000020 is an unknown value
ESP=0x74497d98 is pointing into the stack for thread: 0x79087400
EBP=0xa3d466b4 is an unknown value
ESI=0x79087528 is an unknown value
EDI=0x00000000 is an unknown value


Stack: [0x74448000,0x74499000],  sp=0x74497d98,  free space=319k
Native frames: (J=compiled Java code, j=interpreted, Vv=VM code, C=native code)
C  [libc.so.6+0x12f56f]

Java frames: (J=compiled Java code, j=interpreted, Vv=VM code)
J 130  com.badlogic.gdx.utils.BufferUtils.copyJni([FLjava/nio/Buffer;II)V (0 bytes) @ 0xb3452316 [0xb34522a0+0x76]
J 129 C2 com.badlogic.gdx.utils.BufferUtils.copy([FLjava/nio/Buffer;II)V (45 bytes) @ 0xb3451f04 [0xb3451ee0+0x24]
J 165 C2 com.badlogic.gdx.graphics.Mesh.setVertices([FII)Lcom/badlogic/gdx/graphics/Mesh; (14 bytes) @ 0xb3480af4 [0xb34809e0+0x114]
j  com.badlogic.gdx.graphics.glutils.ImmediateModeRenderer20.flush()V+71
j  com.badlogic.gdx.graphics.glutils.ImmediateModeRenderer20.end()V+1
j  com.badlogic.gdx.graphics.glutils.ShapeRenderer.end()V+4
J 105 C2 com.mygdx.game.MyGdxGame.render()V (2848 bytes) @ 0xb348af74 [0xb3483a80+0x74f4]
j  com.badlogic.gdx.backends.lwjgl.LwjglApplication.mainLoop()V+684
j  com.badlogic.gdx.backends.lwjgl.LwjglApplication$1.run()V+27
v  ~StubRoutines::call_stub

---------------  P R O C E S S  ---------------

Java Threads: ( => current thread )
  0xb6408c00 JavaThread "DestroyJavaVM" [_thread_blocked, id=10196, stack(0xb655b000,0xb65ac000)]
=>0x79087400 JavaThread "LWJGL Application" [_thread_in_native, id=10212, stack(0x74448000,0x74499000)]
  0x79eeec00 JavaThread "AWT-XAWT" daemon [_thread_in_native, id=10208, stack(0x79290000,0x792e1000)]
  0x79edd000 JavaThread "Java2D Disposer" daemon [_thread_blocked, id=10207, stack(0x792ff000,0x79350000)]
  0x7a42cc00 JavaThread "Service Thread" daemon [_thread_blocked, id=10205, stack(0x79fba000,0x7a00b000)]
  0x7a42ac00 JavaThread "C2 CompilerThread1" daemon [_thread_blocked, id=10204, stack(0x7a00b000,0x7a08c000)]
  0x7a428c00 JavaThread "C2 CompilerThread0" daemon [_thread_blocked, id=10203, stack(0x7a08c000,0x7a10d000)]
  0x7a427000 JavaThread "Signal Dispatcher" daemon [_thread_blocked, id=10202, stack(0x7a10d000,0x7a15e000)]
  0x7a414400 JavaThread "Finalizer" daemon [_thread_blocked, id=10201, stack(0x7a35e000,0x7a3af000)]
  0x7a412c00 JavaThread "Reference Handler" daemon [_thread_blocked, id=10200, stack(0x7a3af000,0x7a400000)]

Other Threads:
  0x7a410400 VMThread [stack: 0x7a538000,0x7a5b9000] [id=10199]
  0x7a42ec00 WatcherThread [stack: 0x79f39000,0x79fba000] [id=10206]

VM state:not at safepoint (normal execution)

VM Mutex/Monitor currently owned by a thread: None

Heap
 PSYoungGen      total 11520K, used 1913K [0xa3b80000, 0xa48c0000, 0xb3300000)
  eden space 9472K, 20% used [0xa3b80000,0xa3d5e640,0xa44c0000)
  from space 2048K, 0% used [0xa44c0000,0xa44c0000,0xa46c0000)
  to   space 2048K, 0% used [0xa46c0000,0xa46c0000,0xa48c0000)
 ParOldGen       total 63744K, used 51117K [0x84d00000, 0x88b40000, 0xa3b80000)
  object space 63744K, 80% used [0x84d00000,0x87eeb7e0,0x88b40000)
 PSPermGen       total 16384K, used 6177K [0x7cd00000, 0x7dd00000, 0x84d00000)
  object space 16384K, 37% used [0x7cd00000,0x7d3086a0,0x7dd00000)

Card table byte_map: [0x7cb4c000,0x7cd00000] byte_map_base: 0x7c765800

Polling page: 0xb7759000

Code Cache  [0xb33ce000, 0xb360e000, 0xb63ce000)
 total_blobs=570 nmethods=289 adapters=236 free_code_cache=48175Kb largest_free_block=49302592

Compilation events (10 events):
Event: 145.824 Thread 0x7a428c00  280             java.nio.DirectByteBuffer::<init> (24 bytes)
Event: 145.827 Thread 0x7a428c00 nmethod 280 0xb34ba848 code [0xb34ba940, 0xb34ba9f0]
Event: 145.855 Thread 0x7a42ac00  281             java.nio.DirectByteBuffer::asFloatBuffer (151 bytes)
Event: 145.860 Thread 0x7a42ac00 nmethod 281 0xb34ba488 code [0xb34ba580, 0xb34ba6f0]
Event: 149.608 Thread 0x7a428c00  290             com.badlogic.gdx.graphics.glutils.ImmediateModeRenderer20::color (23 bytes)
Event: 149.608 Thread 0x7a42ac00  291             com.badlogic.gdx.graphics.glutils.ImmediateModeRenderer20::vertex (63 bytes)
Event: 149.611 Thread 0x7a428c00 nmethod 290 0xb3466bc8 code [0xb3466ce0, 0xb3466e30]
Event: 149.611 Thread 0x7a42ac00 nmethod 291 0xb3459a48 code [0xb3459b40, 0xb3459c30]
Event: 151.340 Thread 0x7a428c00  292             java.lang.Object::equals (11 bytes)
Event: 151.340 Thread 0x7a428c00 nmethod 292 0xb3477a88 code [0xb3477b80, 0xb3477bf0]

GC Heap History (10 events):
Event: 206.490 GC heap before
{Heap before GC invocations=100 (full 2):
 PSYoungGen      total 10752K, used 10544K [0xa3b80000, 0xa4840000, 0xb3300000)
  eden space 9984K, 100% used [0xa3b80000,0xa4540000,0xa4540000)
  from space 768K, 72% used [0xa4540000,0xa45cc000,0xa4600000)
  to   space 1536K, 0% used [0xa46c0000,0xa46c0000,0xa4840000)
 ParOldGen       total 51712K, used 49997K [0x84d00000, 0x87f80000, 0xa3b80000)
  object space 51712K, 96% used [0x84d00000,0x87dd3410,0x87f80000)
 PSPermGen       total 16384K, used 6177K [0x7cd00000, 0x7dd00000, 0x84d00000)
  object space 16384K, 37% used [0x7cd00000,0x7d3086a0,0x7dd00000)
Event: 206.494 GC heap after
Heap after GC invocations=100 (full 2):
 PSYoungGen      total 11264K, used 1040K [0xa3b80000, 0xa48c0000, 0xb3300000)
  eden space 9728K, 0% used [0xa3b80000,0xa3b80000,0xa4500000)
  from space 1536K, 67% used [0xa46c0000,0xa47c4000,0xa4840000)
  to   space 1792K, 0% used [0xa4500000,0xa4500000,0xa46c0000)
 ParOldGen       total 51712K, used 49997K [0x84d00000, 0x87f80000, 0xa3b80000)
  object space 51712K, 96% used [0x84d00000,0x87dd3410,0x87f80000)
 PSPermGen       total 16384K, used 6177K [0x7cd00000, 0x7dd00000, 0x84d00000)
  object space 16384K, 37% used [0x7cd00000,0x7d3086a0,0x7dd00000)
}
Event: 208.187 GC heap before
{Heap before GC invocations=101 (full 2):
 PSYoungGen      total 11264K, used 10768K [0xa3b80000, 0xa48c0000, 0xb3300000)
  eden space 9728K, 100% used [0xa3b80000,0xa4500000,0xa4500000)
  from space 1536K, 67% used [0xa46c0000,0xa47c4000,0xa4840000)
  to   space 1792K, 0% used [0xa4500000,0xa4500000,0xa46c0000)
 ParOldGen       total 51712K, used 49997K [0x84d00000, 0x87f80000, 0xa3b80000)
  object space 51712K, 96% used [0x84d00000,0x87dd3410,0x87f80000)
 PSPermGen       total 16384K, used 6177K [0x7cd00000, 0x7dd00000, 0x84d00000)
  object space 16384K, 37% used [0x7cd00000,0x7d3086a0,0x7dd00000)
Event: 208.191 GC heap after
Heap after GC invocations=101 (full 2):
 PSYoungGen      total 11520K, used 1488K [0xa3b80000, 0xa4880000, 0xb3300000)
  eden space 9728K, 0% used [0xa3b80000,0xa3b80000,0xa4500000)
  from space 1792K, 83% used [0xa4500000,0xa4674000,0xa46c0000)
  to   space 1792K, 0% used [0xa46c0000,0xa46c0000,0xa4880000)
 ParOldGen       total 51712K, used 49997K [0x84d00000, 0x87f80000, 0xa3b80000)
  object space 51712K, 96% used [0x84d00000,0x87dd3410,0x87f80000)
 PSPermGen       total 16384K, used 6177K [0x7cd00000, 0x7dd00000, 0x84d00000)
  object space 16384K, 37% used [0x7cd00000,0x7d3086a0,0x7dd00000)
}
Event: 209.876 GC heap before
{Heap before GC invocations=102 (full 2):
 PSYoungGen      total 11520K, used 11216K [0xa3b80000, 0xa4880000, 0xb3300000)
  eden space 9728K, 100% used [0xa3b80000,0xa4500000,0xa4500000)
  from space 1792K, 83% used [0xa4500000,0xa4674000,0xa46c0000)
  to   space 1792K, 0% used [0xa46c0000,0xa46c0000,0xa4880000)
 ParOldGen       total 51712K, used 49997K [0x84d00000, 0x87f80000, 0xa3b80000)
  object space 51712K, 96% used [0x84d00000,0x87dd3410,0x87f80000)
 PSPermGen       total 16384K, used 6177K [0x7cd00000, 0x7dd00000, 0x84d00000)
  object space 16384K, 37% used [0x7cd00000,0x7d3086a0,0x7dd00000)
Event: 209.882 GC heap after
Heap after GC invocations=102 (full 2):
 PSYoungGen      total 11264K, used 1488K [0xa3b80000, 0xa4900000, 0xb3300000)
  eden space 9472K, 0% used [0xa3b80000,0xa3b80000,0xa44c0000)
  from space 1792K, 83% used [0xa46c0000,0xa4834000,0xa4880000)
  to   space 2048K, 0% used [0xa44c0000,0xa44c0000,0xa46c0000)
 ParOldGen       total 51712K, used 50497K [0x84d00000, 0x87f80000, 0xa3b80000)
  object space 51712K, 97% used [0x84d00000,0x87e50410,0x87f80000)
 PSPermGen       total 16384K, used 6177K [0x7cd00000, 0x7dd00000, 0x84d00000)
  object space 16384K, 37% used [0x7cd00000,0x7d3086a0,0x7dd00000)
}
Event: 211.526 GC heap before
{Heap before GC invocations=103 (full 2):
 PSYoungGen      total 11264K, used 10960K [0xa3b80000, 0xa4900000, 0xb3300000)
  eden space 9472K, 100% used [0xa3b80000,0xa44c0000,0xa44c0000)
  from space 1792K, 83% used [0xa46c0000,0xa4834000,0xa4880000)
  to   space 2048K, 0% used [0xa44c0000,0xa44c0000,0xa46c0000)
 ParOldGen       total 51712K, used 50497K [0x84d00000, 0x87f80000, 0xa3b80000)
  object space 51712K, 97% used [0x84d00000,0x87e50410,0x87f80000)
 PSPermGen       total 16384K, used 6177K [0x7cd00000, 0x7dd00000, 0x84d00000)
  object space 16384K, 37% used [0x7cd00000,0x7d3086a0,0x7dd00000)
Event: 211.531 GC heap after
Heap after GC invocations=103 (full 2):
 PSYoungGen      total 11520K, used 1472K [0xa3b80000, 0xa48c0000, 0xb3300000)
  eden space 9472K, 0% used [0xa3b80000,0xa3b80000,0xa44c0000)
  from space 2048K, 71% used [0xa44c0000,0xa4630000,0xa46c0000)
  to   space 2048K, 0% used [0xa46c0000,0xa46c0000,0xa48c0000)
 ParOldGen       total 51712K, used 51001K [0x84d00000, 0x87f80000, 0xa3b80000)
  object space 51712K, 98% used [0x84d00000,0x87ece410,0x87f80000)
 PSPermGen       total 16384K, used 6177K [0x7cd00000, 0x7dd00000, 0x84d00000)
  object space 16384K, 37% used [0x7cd00000,0x7d3086a0,0x7dd00000)
}
Event: 211.531 GC heap before
{Heap before GC invocations=104 (full 3):
 PSYoungGen      total 11520K, used 1472K [0xa3b80000, 0xa48c0000, 0xb3300000)
  eden space 9472K, 0% used [0xa3b80000,0xa3b80000,0xa44c0000)
  from space 2048K, 71% used [0xa44c0000,0xa4630000,0xa46c0000)
  to   space 2048K, 0% used [0xa46c0000,0xa46c0000,0xa48c0000)
 ParOldGen       total 51712K, used 51001K [0x84d00000, 0x87f80000, 0xa3b80000)
  object space 51712K, 98% used [0x84d00000,0x87ece410,0x87f80000)
 PSPermGen       total 16384K, used 6177K [0x7cd00000, 0x7dd00000, 0x84d00000)
  object space 16384K, 37% used [0x7cd00000,0x7d3086a0,0x7dd00000)
Event: 211.764 GC heap after
Heap after GC invocations=104 (full 3):
 PSYoungGen      total 11520K, used 0K [0xa3b80000, 0xa48c0000, 0xb3300000)
  eden space 9472K, 0% used [0xa3b80000,0xa3b80000,0xa44c0000)
  from space 2048K, 0% used [0xa44c0000,0xa44c0000,0xa46c0000)
  to   space 2048K, 0% used [0xa46c0000,0xa46c0000,0xa48c0000)
 ParOldGen       total 63744K, used 51117K [0x84d00000, 0x88b40000, 0xa3b80000)
  object space 63744K, 80% used [0x84d00000,0x87eeb7e0,0x88b40000)
 PSPermGen       total 16384K, used 6177K [0x7cd00000, 0x7dd00000, 0x84d00000)
  object space 16384K, 37% used [0x7cd00000,0x7d3086a0,0x7dd00000)
}

Deoptimization events (6 events):
Event: 0.332 Thread 0xb6408c00 Uncommon trap: reason=class_check action=maybe_recompile pc=0xb341c53c method=java.util.Properties$LineReader.readLine()I @ 62
Event: 8.191 Thread 0x79087400 Uncommon trap: reason=unloaded action=reinterpret pc=0xb345e914 method=com.mygdx.game.MyGdxGame.render()V @ 2763
Event: 26.777 Thread 0x79087400 Uncommon trap: reason=null_check action=make_not_entrant pc=0xb34780f8 method=com.badlogic.gdx.utils.ObjectIntMap.put(Ljava/lang/Object;I)V @ 43
Event: 43.264 Thread 0x79087400 Uncommon trap: reason=null_check action=make_not_entrant pc=0xb34ba1f0 method=com.badlogic.gdx.utils.ObjectIntMap.put(Ljava/lang/Object;I)V @ 75
Event: 52.569 Thread 0x79087400 Uncommon trap: reason=null_check action=make_not_entrant pc=0xb34bb274 method=com.badlogic.gdx.utils.ObjectIntMap.put(Ljava/lang/Object;I)V @ 107
Event: 124.437 Thread 0x7a412c00 Uncommon trap: reason=class_check action=maybe_recompile pc=0xb34b85e4 method=java.lang.ref.Reference$ReferenceHandler.run()V @ 71

Internal exceptions (10 events):
Event: 8.192 Thread 0x79087400 Threw 0xa3e432a0 at /build/buildd/openjdk-7-7u71-2.5.3/build/openjdk/hotspot/src/share/vm/prims/jvm.cpp:1284
Event: 8.195 Thread 0x79087400 Threw 0xa3e59c40 at /build/buildd/openjdk-7-7u71-2.5.3/build/openjdk/hotspot/src/share/vm/prims/jvm.cpp:1284
Event: 8.197 Thread 0x79087400 Threw 0xa3e5e180 at /build/buildd/openjdk-7-7u71-2.5.3/build/openjdk/hotspot/src/share/vm/prims/jvm.cpp:1284
Event: 8.203 Thread 0x79087400 Threw 0xa3e6c548 at /build/buildd/openjdk-7-7u71-2.5.3/build/openjdk/hotspot/src/share/vm/prims/jvm.cpp:1284
Event: 8.205 Thread 0x79087400 Threw 0xa3e73658 at /build/buildd/openjdk-7-7u71-2.5.3/build/openjdk/hotspot/src/share/vm/prims/jvm.cpp:1284
Event: 8.207 Thread 0x79087400 Threw 0xa3e80b98 at /build/buildd/openjdk-7-7u71-2.5.3/build/openjdk/hotspot/src/share/vm/prims/jvm.cpp:1284
Event: 8.208 Thread 0x79087400 Threw 0xa3e9ad78 at /build/buildd/openjdk-7-7u71-2.5.3/build/openjdk/hotspot/src/share/vm/prims/jvm.cpp:1284
Event: 26.777 Thread 0x79087400 Implicit null exception at 0xb3477c85 to 0xb34780e5
Event: 43.264 Thread 0x79087400 Implicit null exception at 0xb34b9d22 to 0xb34ba1cd
Event: 52.569 Thread 0x79087400 Implicit null exception at 0xb34bae54 to 0xb34bb249

Events (10 events):
Event: 204.760 Executing VM operation: ParallelGCFailedAllocation
Event: 204.763 Executing VM operation: ParallelGCFailedAllocation done
Event: 206.490 Executing VM operation: ParallelGCFailedAllocation
Event: 206.494 Executing VM operation: ParallelGCFailedAllocation done
Event: 208.186 Executing VM operation: ParallelGCFailedAllocation
Event: 208.191 Executing VM operation: ParallelGCFailedAllocation done
Event: 209.876 Executing VM operation: ParallelGCFailedAllocation
Event: 209.882 Executing VM operation: ParallelGCFailedAllocation done
Event: 211.525 Executing VM operation: ParallelGCFailedAllocation
Event: 211.764 Executing VM operation: ParallelGCFailedAllocation done


Dynamic libraries:
00010000-08048000 rw-p 00000000 00:00 0 
08048000-08049000 r-xp 00000000 08:08 3561011    /usr/lib/jvm/java-7-openjdk-i386/jre/bin/java
08049000-0804a000 r--p 00000000 08:08 3561011    /usr/lib/jvm/java-7-openjdk-i386/jre/bin/java
0804a000-0804b000 rw-p 00001000 08:08 3561011    /usr/lib/jvm/java-7-openjdk-i386/jre/bin/java
0804b000-717f4000 rw-p 00000000 00:00 0          [heap]
717f4000-71800000 rw-p 00000000 00:00 0 
71800000-71900000 rw-p 00000000 00:00 0 
71900000-71a00000 rw-p 00000000 00:00 0 
71a00000-71aff000 rw-p 00000000 00:00 0 
71aff000-71b00000 ---p 00000000 00:00 0 
71b00000-71c00000 rw-p 00000000 00:00 0 
71c00000-71c98000 rw-p 00000000 00:00 0 
71c98000-71d00000 ---p 00000000 00:00 0 
71d00000-71e00000 rw-p 00000000 00:00 0 
71e00000-71f00000 rw-p 00000000 00:00 0 
71f00000-720c0000 rw-p 00000000 00:00 0 
720c0000-72100000 rw-s 00000000 00:04 165479     /drm mm object (deleted)
72100000-721da000 rw-p 00000000 00:00 0 
721da000-72200000 ---p 00000000 00:00 0 
72200000-722fc000 rw-p 00000000 00:00 0 
722fc000-72300000 ---p 00000000 00:00 0 
72300000-723fc000 rw-p 00000000 00:00 0 
723fc000-72400000 ---p 00000000 00:00 0 
72400000-724fd000 rw-p 00000000 00:00 0 
724fd000-72500000 ---p 00000000 00:00 0 
72500000-725fc000 rw-p 00000000 00:00 0 
725fc000-72600000 ---p 00000000 00:00 0 
72600000-726f1000 rw-p 00000000 00:00 0 
726f1000-72700000 ---p 00000000 00:00 0 
72700000-727f3000 rw-p 00000000 00:00 0 
727f3000-72800000 ---p 00000000 00:00 0 
72800000-72834000 rw-p 00000000 00:00 0 
72834000-72844000 rw-s 00000000 00:04 164810     /drm mm object (deleted)
72844000-72854000 rw-s 00000000 00:04 165213     /drm mm object (deleted)
72854000-72864000 rw-s 00000000 00:04 165285     /drm mm object (deleted)
72864000-72870000 rw-p 00000000 00:00 0 
72870000-728b0000 rw-s 00000000 00:04 170841     /drm mm object (deleted)
728b0000-728f0000 rw-s 00000000 00:04 170839     /drm mm object (deleted)
728f0000-72950000 rw-s 16b76000 00:05 8262       /dev/dri/card0
72950000-72951000 rw-p 00000000 00:00 0 
72951000-72961000 rw-s 00000000 00:04 165283     /drm mm object (deleted)
72961000-72971000 rw-s 00000000 00:04 165281     /drm mm object (deleted)
72971000-72979000 rw-s 00000000 00:04 165201     /drm mm object (deleted)
72979000-72981000 rw-s 00000000 00:04 165205     /drm mm object (deleted)
72981000-72989000 rw-s 00000000 00:04 165242     /drm mm object (deleted)
72989000-72991000 rw-s 00000000 00:04 165240     /drm mm object (deleted)
72991000-729c9000 rw-s 16b3e000 00:05 8262       /dev/dri/card0
729c9000-72a01000 rw-s 16b06000 00:05 8262       /dev/dri/card0
72a01000-72a39000 rw-s 16ace000 00:05 8262       /dev/dri/card0
72a39000-72a71000 rw-s 16a96000 00:05 8262       /dev/dri/card0
72a71000-72aa9000 rw-s 16a5e000 00:05 8262       /dev/dri/card0
72aa9000-73c47000 rw-p 00000000 00:00 0 
73c47000-73c9e000 rw-p 00000000 00:00 0 
73c9e000-73ca3000 rw-p 00000000 00:00 0 
73ca3000-73cab000 rw-s 00000000 00:04 165238     /drm mm object (deleted)
73cab000-73ce3000 rw-s 16a26000 00:05 8262       /dev/dri/card0
73ce3000-73d18000 r-xp 00000000 08:08 2234481    /usr/lib/i386-linux-gnu/libtxc_dxtn_s2tc.so.0.0.0
73d18000-73d19000 r--p 00034000 08:08 2234481    /usr/lib/i386-linux-gnu/libtxc_dxtn_s2tc.so.0.0.0
73d19000-73d1a000 rw-p 00035000 08:08 2234481    /usr/lib/i386-linux-gnu/libtxc_dxtn_s2tc.so.0.0.0
73d1a000-73d62000 rw-p 00000000 00:00 0 
73d62000-73d6b000 r-xp 00000000 08:08 2234288    /usr/lib/i386-linux-gnu/libpciaccess.so.0.11.1
73d6b000-73d6c000 r--p 00008000 08:08 2234288    /usr/lib/i386-linux-gnu/libpciaccess.so.0.11.1
73d6c000-73d6d000 rw-p 00009000 08:08 2234288    /usr/lib/i386-linux-gnu/libpciaccess.so.0.11.1
73d6d000-73d7a000 r-xp 00000000 08:08 2233785    /usr/lib/i386-linux-gnu/libdrm_radeon.so.1.0.1
73d7a000-73d7b000 r--p 0000c000 08:08 2233785    /usr/lib/i386-linux-gnu/libdrm_radeon.so.1.0.1
73d7b000-73d7c000 rw-p 0000d000 08:08 2233785    /usr/lib/i386-linux-gnu/libdrm_radeon.so.1.0.1
73d7c000-73d82000 r-xp 00000000 08:08 2233783    /usr/lib/i386-linux-gnu/libdrm_nouveau.so.2.0.0
73d82000-73d83000 r--p 00005000 08:08 2233783    /usr/lib/i386-linux-gnu/libdrm_nouveau.so.2.0.0
73d83000-73d84000 rw-p 00006000 08:08 2233783    /usr/lib/i386-linux-gnu/libdrm_nouveau.so.2.0.0
73d84000-73da4000 r-xp 00000000 08:08 2233781    /usr/lib/i386-linux-gnu/libdrm_intel.so.1.0.0
73da4000-73da5000 r--p 0001f000 08:08 2233781    /usr/lib/i386-linux-gnu/libdrm_intel.so.1.0.0
73da5000-73da6000 rw-p 00020000 08:08 2233781    /usr/lib/i386-linux-gnu/libdrm_intel.so.1.0.0
73da6000-742cb000 r-xp 00000000 08:08 2234804    /usr/lib/i386-linux-gnu/dri/i965_dri.so
742cb000-742d8000 r--p 00524000 08:08 2234804    /usr/lib/i386-linux-gnu/dri/i965_dri.so
742d8000-742e0000 rw-p 00531000 08:08 2234804    /usr/lib/i386-linux-gnu/dri/i965_dri.so
742e0000-74319000 rw-p 00000000 00:00 0 
74319000-74321000 r-xp 00000000 08:08 656435     /lib/i386-linux-gnu/libnih-dbus.so.1.0.0
74321000-74322000 r--p 00007000 08:08 656435     /lib/i386-linux-gnu/libnih-dbus.so.1.0.0
74322000-74323000 rw-p 00008000 08:08 656435     /lib/i386-linux-gnu/libnih-dbus.so.1.0.0
74323000-7433a000 r-xp 00000000 08:08 656437     /lib/i386-linux-gnu/libnih.so.1.0.0
7433a000-7433b000 r--p 00016000 08:08 656437     /lib/i386-linux-gnu/libnih.so.1.0.0
7433b000-7433c000 rw-p 00017000 08:08 656437     /lib/i386-linux-gnu/libnih.so.1.0.0
7433c000-74358000 r-xp 00000000 08:08 656378     /lib/i386-linux-gnu/libcgmanager.so.0.0.0
74358000-74359000 r--p 0001b000 08:08 656378     /lib/i386-linux-gnu/libcgmanager.so.0.0.0
74359000-7435a000 rw-p 0001c000 08:08 656378     /lib/i386-linux-gnu/libcgmanager.so.0.0.0
7435a000-7436b000 r-xp 00000000 08:08 656521     /lib/i386-linux-gnu/libudev.so.1.3.5
7436b000-7436c000 r--p 00010000 08:08 656521     /lib/i386-linux-gnu/libudev.so.1.3.5
7436c000-7436d000 rw-p 00011000 08:08 656521     /lib/i386-linux-gnu/libudev.so.1.3.5
7436d000-74378000 r-xp 00000000 08:08 2233779    /usr/lib/i386-linux-gnu/libdrm.so.2.4.0
74378000-74379000 r--p 0000a000 08:08 2233779    /usr/lib/i386-linux-gnu/libdrm.so.2.4.0
74379000-7437a000 rw-p 0000b000 08:08 2233779    /usr/lib/i386-linux-gnu/libdrm.so.2.4.0
7437a000-7437f000 r-xp 00000000 08:08 2234595    /usr/lib/i386-linux-gnu/libxcb-sync.so.1.0.0
7437f000-74380000 r--p 00004000 08:08 2234595    /usr/lib/i386-linux-gnu/libxcb-sync.so.1.0.0
74380000-74381000 rw-p 00005000 08:08 2234595    /usr/lib/i386-linux-gnu/libxcb-sync.so.1.0.0
74381000-74383000 r-xp 00000000 08:08 2234583    /usr/lib/i386-linux-gnu/libxcb-present.so.0.0.0
74383000-74384000 r--p 00001000 08:08 2234583    /usr/lib/i386-linux-gnu/libxcb-present.so.0.0.0
74384000-74385000 rw-p 00002000 08:08 2234583    /usr/lib/i386-linux-gnu/libxcb-present.so.0.0.0
74385000-7439b000 r-xp 00000000 08:08 2234575    /usr/lib/i386-linux-gnu/libxcb-glx.so.0.0.0
7439b000-7439c000 r--p 00016000 08:08 2234575    /usr/lib/i386-linux-gnu/libxcb-glx.so.0.0.0
7439c000-7439d000 rw-p 00017000 08:08 2234575    /usr/lib/i386-linux-gnu/libxcb-glx.so.0.0.0
7439d000-743ad000 r-xp 00000000 08:08 2234547    /usr/lib/i386-linux-gnu/libglapi.so.0.0.0
743ad000-743af000 r--p 0000f000 08:08 2234547    /usr/lib/i386-linux-gnu/libglapi.so.0.0.0
743af000-743b4000 rwxp 00011000 08:08 2234547    /usr/lib/i386-linux-gnu/libglapi.so.0.0.0
743b4000-743b5000 rwxp 00000000 00:00 0 
743b5000-7440e000 r-xp 00000000 08:08 2233870    /usr/lib/i386-linux-gnu/mesa/libGL.so.1.2.0
7440e000-74410000 r--p 00058000 08:08 2233870    /usr/lib/i386-linux-gnu/mesa/libGL.so.1.2.0
74410000-74415000 rwxp 0005a000 08:08 2233870    /usr/lib/i386-linux-gnu/mesa/libGL.so.1.2.0
74415000-7441b000 rw-p 00000000 00:00 0 
7441c000-74426000 rw-p 00000000 00:00 0 
74426000-74427000 rw-s 16bd9000 00:05 8262       /dev/dri/card0
74427000-74428000 rw-s 16bd8000 00:05 8262       /dev/dri/card0
74428000-74429000 rw-s 16bd7000 00:05 8262       /dev/dri/card0
74429000-7442b000 rw-p 00000000 00:00 0 
7442b000-7442c000 rw-s 16bd6000 00:05 8262       /dev/dri/card0
7442c000-7442d000 rw-s 16a23000 00:05 8262       /dev/dri/card0
7442d000-74430000 ---p 00000000 00:00 0 
74430000-74448000 rw-p 00000000 00:00 0 
74448000-7444b000 ---p 00000000 00:00 0 
7444b000-74499000 rw-p 00000000 00:00 0          [stack:10212]
74499000-7449a000 ---p 00000000 00:00 0 
7449a000-7459a000 rw-p 00000000 00:00 0          [stack:10211]
7459a000-7859b000 rw-s 00000000 00:14 164672     /run/shm/pulse-shm-1994332823
7859b000-7859c000 ---p 00000000 00:00 0 
7859c000-78d9c000 rw-p 00000000 00:00 0          [stack:10210]
78d9c000-78da3000 r-xp 00000000 08:08 2234256    /usr/lib/i386-linux-gnu/libogg.so.0.8.1
78da3000-78da4000 r--p 00006000 08:08 2234256    /usr/lib/i386-linux-gnu/libogg.so.0.8.1
78da4000-78da5000 rw-p 00007000 08:08 2234256    /usr/lib/i386-linux-gnu/libogg.so.0.8.1
78da5000-78dce000 r-xp 00000000 08:08 2234530    /usr/lib/i386-linux-gnu/libvorbis.so.0.4.5
78dce000-78dcf000 ---p 00029000 08:08 2234530    /usr/lib/i386-linux-gnu/libvorbis.so.0.4.5
78dcf000-78dd0000 r--p 00029000 08:08 2234530    /usr/lib/i386-linux-gnu/libvorbis.so.0.4.5
78dd0000-78dd1000 rw-p 0002a000 08:08 2234530    /usr/lib/i386-linux-gnu/libvorbis.so.0.4.5
78dd1000-78f37000 r-xp 00000000 08:08 2234532    /usr/lib/i386-linux-gnu/libvorbisenc.so.2.0.8
78f37000-78f48000 r--p 00165000 08:08 2234532    /usr/lib/i386-linux-gnu/libvorbisenc.so.2.0.8
78f48000-78f49000 rw-p 00176000 08:08 2234532    /usr/lib/i386-linux-gnu/libvorbisenc.so.2.0.8
78f49000-78f7b000 r-xp 00000000 08:08 2233396    /usr/lib/i386-linux-gnu/libFLAC.so.8.3.0
78f7b000-78f7c000 r--p 00031000 08:08 2233396    /usr/lib/i386-linux-gnu/libFLAC.so.8.3.0
78f7c000-78f7d000 rw-p 00032000 08:08 2233396    /usr/lib/i386-linux-gnu/libFLAC.so.8.3.0
78f7d000-78f82000 r-xp 00000000 08:08 2233627    /usr/lib/i386-linux-gnu/libasyncns.so.0.3.1
78f82000-78f83000 r--p 00004000 08:08 2233627    /usr/lib/i386-linux-gnu/libasyncns.so.0.3.1
78f83000-78f84000 rw-p 00005000 08:08 2233627    /usr/lib/i386-linux-gnu/libasyncns.so.0.3.1
78f84000-78fef000 r-xp 00000000 08:08 2234413    /usr/lib/i386-linux-gnu/libsndfile.so.1.0.25
78fef000-78ff0000 ---p 0006b000 08:08 2234413    /usr/lib/i386-linux-gnu/libsndfile.so.1.0.25
78ff0000-78ff1000 r--p 0006b000 08:08 2234413    /usr/lib/i386-linux-gnu/libsndfile.so.1.0.25
78ff1000-78ff2000 rw-p 0006c000 08:08 2234413    /usr/lib/i386-linux-gnu/libsndfile.so.1.0.25
78ff2000-78ff6000 rw-p 00000000 00:00 0 
78ff6000-78ffe000 r-xp 00000000 08:08 656533     /lib/i386-linux-gnu/libwrap.so.0.7.6
78ffe000-78fff000 r--p 00007000 08:08 656533     /lib/i386-linux-gnu/libwrap.so.0.7.6
78fff000-79000000 rw-p 00008000 08:08 656533     /lib/i386-linux-gnu/libwrap.so.0.7.6
79000000-79094000 rw-p 00000000 00:00 0 
79094000-79100000 ---p 00000000 00:00 0 
79100000-79101000 r-xp 00000000 08:08 2234613    /usr/lib/i386-linux-gnu/libxshmfence.so.1.0.0
79101000-79102000 r--p 00000000 08:08 2234613    /usr/lib/i386-linux-gnu/libxshmfence.so.1.0.0
79102000-79103000 rw-p 00001000 08:08 2234613    /usr/lib/i386-linux-gnu/libxshmfence.so.1.0.0
79103000-79170000 r-xp 00000000 08:08 2236035    /usr/lib/i386-linux-gnu/pulseaudio/libpulsecommon-4.0.so
79170000-79171000 r--p 0006c000 08:08 2236035    /usr/lib/i386-linux-gnu/pulseaudio/libpulsecommon-4.0.so
79171000-79172000 rw-p 0006d000 08:08 2236035    /usr/lib/i386-linux-gnu/pulseaudio/libpulsecommon-4.0.so
79172000-7917b000 r-xp 00000000 08:08 656413     /lib/i386-linux-gnu/libjson-c.so.2.0.0
7917b000-7917c000 r--p 00008000 08:08 656413     /lib/i386-linux-gnu/libjson-c.so.2.0.0
7917c000-7917d000 rw-p 00009000 08:08 656413     /lib/i386-linux-gnu/libjson-c.so.2.0.0
7917d000-791ca000 r-xp 00000000 08:08 2234325    /usr/lib/i386-linux-gnu/libpulse.so.0.16.2
791ca000-791cb000 r--p 0004c000 08:08 2234325    /usr/lib/i386-linux-gnu/libpulse.so.0.16.2
791cb000-791cc000 rw-p 0004d000 08:08 2234325    /usr/lib/i386-linux-gnu/libpulse.so.0.16.2
791cc000-7921a000 r-xp 00000000 08:08 5242912    /tmp/libgdxandrew/1c78875b/libopenal.so
7921a000-7921c000 r--p 0004d000 08:08 5242912    /tmp/libgdxandrew/1c78875b/libopenal.so
7921c000-7921d000 rw-p 0004f000 08:08 5242912    /tmp/libgdxandrew/1c78875b/libopenal.so
7921d000-79221000 r-xp 00000000 08:08 2233588    /usr/lib/i386-linux-gnu/libXxf86vm.so.1.0.0
79221000-79222000 r--p 00004000 08:08 2233588    /usr/lib/i386-linux-gnu/libXxf86vm.so.1.0.0
79222000-79223000 rw-p 00005000 08:08 2233588    /usr/lib/i386-linux-gnu/libXxf86vm.so.1.0.0
79223000-7922c000 r-xp 00000000 08:08 2233570    /usr/lib/i386-linux-gnu/libXrandr.so.2.2.0
7922c000-7922d000 r--p 00008000 08:08 2233570    /usr/lib/i386-linux-gnu/libXrandr.so.2.2.0
7922d000-7922e000 rw-p 00009000 08:08 2233570    /usr/lib/i386-linux-gnu/libXrandr.so.2.2.0
7922e000-7928d000 r-xp 00000000 08:08 5242911    /tmp/libgdxandrew/1c78875b/liblwjgl.so
7928d000-7928e000 ---p 0005f000 08:08 5242911    /tmp/libgdxandrew/1c78875b/liblwjgl.so
7928e000-7928f000 r--p 0005f000 08:08 5242911    /tmp/libgdxandrew/1c78875b/liblwjgl.so
7928f000-79290000 rw-p 00060000 08:08 5242911    /tmp/libgdxandrew/1c78875b/liblwjgl.so
79290000-79293000 ---p 00000000 00:00 0 
79293000-792e1000 rw-p 00000000 00:00 0          [stack:10208]
792e1000-792e5000 r-xp 00000000 08:08 2233552    /usr/lib/i386-linux-gnu/libXfixes.so.3.1.0
792e5000-792e6000 r--p 00003000 08:08 2233552    /usr/lib/i386-linux-gnu/libXfixes.so.3.1.0
792e6000-792e7000 rw-p 00004000 08:08 2233552    /usr/lib/i386-linux-gnu/libXfixes.so.3.1.0
792e7000-792e9000 r-xp 00000000 08:08 2234573    /usr/lib/i386-linux-gnu/libxcb-dri3.so.0.0.0
792e9000-792ea000 r--p 00001000 08:08 2234573    /usr/lib/i386-linux-gnu/libxcb-dri3.so.0.0.0
792ea000-792eb000 rw-p 00002000 08:08 2234573    /usr/lib/i386-linux-gnu/libxcb-dri3.so.0.0.0
792eb000-792ef000 r-xp 00000000 08:08 2234571    /usr/lib/i386-linux-gnu/libxcb-dri2.so.0.0.0
792ef000-792f0000 r--p 00003000 08:08 2234571    /usr/lib/i386-linux-gnu/libxcb-dri2.so.0.0.0
792f0000-792f1000 rw-p 00004000 08:08 2234571    /usr/lib/i386-linux-gnu/libxcb-dri2.so.0.0.0
792f1000-792f2000 r-xp 00000000 08:08 2233531    /usr/lib/i386-linux-gnu/libX11-xcb.so.1.0.0
792f2000-792f3000 r--p 00000000 08:08 2233531    /usr/lib/i386-linux-gnu/libX11-xcb.so.1.0.0
792f3000-792f4000 rw-p 00001000 08:08 2233531    /usr/lib/i386-linux-gnu/libX11-xcb.so.1.0.0
792f4000-792f6000 r-xp 00000000 08:08 2233546    /usr/lib/i386-linux-gnu/libXdamage.so.1.1.0
792f6000-792f7000 r--p 00001000 08:08 2233546    /usr/lib/i386-linux-gnu/libXdamage.so.1.1.0
792f7000-792f8000 rw-p 00002000 08:08 2233546    /usr/lib/i386-linux-gnu/libXdamage.so.1.1.0
792f8000-792ff000 r--s 00000000 08:08 2230969    /usr/lib/i386-linux-gnu/gconv/gconv-modules.cache
792ff000-79302000 ---p 00000000 00:00 0 
79302000-79350000 rw-p 00000000 00:00 0          [stack:10207]
79350000-79353000 r-xp 00000000 08:08 656406     /lib/i386-linux-gnu/libgpg-error.so.0.10.0
79353000-79354000 r--p 00002000 08:08 656406     /lib/i386-linux-gnu/libgpg-error.so.0.10.0
79354000-79355000 rw-p 00003000 08:08 656406     /lib/i386-linux-gnu/libgpg-error.so.0.10.0
79355000-79357000 r-xp 00000000 08:08 656416     /lib/i386-linux-gnu/libkeyutils.so.1.4
79357000-79358000 r--p 00002000 08:08 656416     /lib/i386-linux-gnu/libkeyutils.so.1.4
79358000-79359000 rw-p 00003000 08:08 656416     /lib/i386-linux-gnu/libkeyutils.so.1.4
79359000-79395000 r-xp 00000000 08:08 656476     /lib/i386-linux-gnu/libpcre.so.3.13.1
79395000-79396000 r--p 0003b000 08:08 656476     /lib/i386-linux-gnu/libpcre.so.3.13.1
79396000-79397000 rw-p 0003c000 08:08 656476     /lib/i386-linux-gnu/libpcre.so.3.13.1
79397000-793bd000 r-xp 00000000 08:08 656488     /lib/i386-linux-gnu/libpng12.so.0.50.0
793bd000-793be000 r--p 00025000 08:08 656488     /lib/i386-linux-gnu/libpng12.so.0.50.0
793be000-793bf000 rw-p 00026000 08:08 656488     /lib/i386-linux-gnu/libpng12.so.0.50.0
793bf000-79408000 r-xp 00000000 08:08 656387     /lib/i386-linux-gnu/libdbus-1.so.3.7.6
79408000-79409000 r--p 00048000 08:08 656387     /lib/i386-linux-gnu/libdbus-1.so.3.7.6
79409000-7940a000 rw-p 00049000 08:08 656387     /lib/i386-linux-gnu/libdbus-1.so.3.7.6
7940a000-79441000 r-xp 00000000 08:08 2234264    /usr/lib/i386-linux-gnu/libp11-kit.so.0.0.0
79441000-79442000 ---p 00037000 08:08 2234264    /usr/lib/i386-linux-gnu/libp11-kit.so.0.0.0
79442000-79445000 r--p 00037000 08:08 2234264    /usr/lib/i386-linux-gnu/libp11-kit.so.0.0.0
79445000-79446000 rw-p 0003a000 08:08 2234264    /usr/lib/i386-linux-gnu/libp11-kit.so.0.0.0
79446000-79458000 r-xp 00000000 08:08 2234447    /usr/lib/i386-linux-gnu/libtasn1.so.6.2.0
79458000-79459000 r--p 00011000 08:08 2234447    /usr/lib/i386-linux-gnu/libtasn1.so.6.2.0
79459000-7945a000 rw-p 00012000 08:08 2234447    /usr/lib/i386-linux-gnu/libtasn1.so.6.2.0
7945a000-794dc000 r-xp 00000000 08:08 656402     /lib/i386-linux-gnu/libgcrypt.so.11.8.2
794dc000-794dd000 r--p 00081000 08:08 656402     /lib/i386-linux-gnu/libgcrypt.so.11.8.2
794dd000-794df000 rw-p 00082000 08:08 656402     /lib/i386-linux-gnu/libgcrypt.so.11.8.2
794df000-794e0000 rw-p 00000000 00:00 0 
794e0000-794ea000 r-xp 00000000 08:08 2234147    /usr/lib/i386-linux-gnu/libkrb5support.so.0.1
794ea000-794eb000 r--p 00009000 08:08 2234147    /usr/lib/i386-linux-gnu/libkrb5support.so.0.1
794eb000-794ec000 rw-p 0000a000 08:08 2234147    /usr/lib/i386-linux-gnu/libkrb5support.so.0.1
794ec000-794ef000 r-xp 00000000 08:08 656382     /lib/i386-linux-gnu/libcom_err.so.2.1
794ef000-794f0000 r--p 00002000 08:08 656382     /lib/i386-linux-gnu/libcom_err.so.2.1
794f0000-794f1000 rw-p 00003000 08:08 656382     /lib/i386-linux-gnu/libcom_err.so.2.1
794f1000-7951f000 r-xp 00000000 08:08 2234141    /usr/lib/i386-linux-gnu/libk5crypto.so.3.1
7951f000-79520000 r--p 0002d000 08:08 2234141    /usr/lib/i386-linux-gnu/libk5crypto.so.3.1
79520000-79521000 rw-p 0002e000 08:08 2234141    /usr/lib/i386-linux-gnu/libk5crypto.so.3.1
79521000-795d8000 r-xp 00000000 08:08 2234145    /usr/lib/i386-linux-gnu/libkrb5.so.3.3
795d8000-795de000 r--p 000b7000 08:08 2234145    /usr/lib/i386-linux-gnu/libkrb5.so.3.3
795de000-795df000 rw-p 000bd000 08:08 2234145    /usr/lib/i386-linux-gnu/libkrb5.so.3.3
795df000-795e4000 r-xp 00000000 08:08 2233548    /usr/lib/i386-linux-gnu/libXdmcp.so.6.0.0
795e4000-795e5000 r--p 00004000 08:08 2233548    /usr/lib/i386-linux-gnu/libXdmcp.so.6.0.0
795e5000-795e6000 rw-p 00005000 08:08 2233548    /usr/lib/i386-linux-gnu/libXdmcp.so.6.0.0
795e6000-795eb000 r-xp 00000000 08:08 2233815    /usr/lib/i386-linux-gnu/libffi.so.6.0.1
795eb000-795ec000 r--p 00005000 08:08 2233815    /usr/lib/i386-linux-gnu/libffi.so.6.0.1
795ec000-795ed000 rw-p 00006000 08:08 2233815    /usr/lib/i386-linux-gnu/libffi.so.6.0.1
795ed000-79600000 r-xp 00000000 08:08 655390     /lib/i386-linux-gnu/libresolv-2.19.so
79600000-79601000 ---p 00013000 08:08 655390     /lib/i386-linux-gnu/libresolv-2.19.so
79601000-79602000 r--p 00013000 08:08 655390     /lib/i386-linux-gnu/libresolv-2.19.so
79602000-79603000 rw-p 00014000 08:08 655390     /lib/i386-linux-gnu/libresolv-2.19.so
79603000-79605000 rw-p 00000000 00:00 0 
79605000-79625000 r-xp 00000000 08:08 656503     /lib/i386-linux-gnu/libselinux.so.1
79625000-79626000 r--p 0001f000 08:08 656503     /lib/i386-linux-gnu/libselinux.so.1
79626000-79627000 rw-p 00020000 08:08 656503     /lib/i386-linux-gnu/libselinux.so.1
79627000-79628000 rw-p 00000000 00:00 0 
79628000-79732000 r-xp 00000000 08:08 655389     /lib/i386-linux-gnu/libglib-2.0.so.0.4002.0
79732000-79733000 r--p 00109000 08:08 655389     /lib/i386-linux-gnu/libglib-2.0.so.0.4002.0
79733000-79734000 rw-p 0010a000 08:08 655389     /lib/i386-linux-gnu/libglib-2.0.so.0.4002.0
79734000-79759000 r-xp 00000000 08:08 656395     /lib/i386-linux-gnu/libexpat.so.1.6.0
79759000-7975a000 ---p 00025000 08:08 656395     /lib/i386-linux-gnu/libexpat.so.1.6.0
7975a000-7975c000 r--p 00025000 08:08 656395     /lib/i386-linux-gnu/libexpat.so.1.6.0
7975c000-7975d000 rw-p 00027000 08:08 656395     /lib/i386-linux-gnu/libexpat.so.1.6.0
7975d000-797f7000 r-xp 00000000 08:08 2233857    /usr/lib/i386-linux-gnu/libfreetype.so.6.11.1
797f7000-797f8000 ---p 0009a000 08:08 2233857    /usr/lib/i386-linux-gnu/libfreetype.so.6.11.1
797f8000-797fc000 r--p 0009a000 08:08 2233857    /usr/lib/i386-linux-gnu/libfreetype.so.6.11.1
797fc000-797fd000 rw-p 0009e000 08:08 2233857    /usr/lib/i386-linux-gnu/libfreetype.so.6.11.1
797fd000-7980d000 r-xp 00000000 08:08 2233641    /usr/lib/i386-linux-gnu/libavahi-client.so.3.2.9
7980d000-7980e000 r--p 0000f000 08:08 2233641    /usr/lib/i386-linux-gnu/libavahi-client.so.3.2.9
7980e000-7980f000 rw-p 00010000 08:08 2233641    /usr/lib/i386-linux-gnu/libavahi-client.so.3.2.9
7980f000-7981b000 r-xp 00000000 08:08 2233643    /usr/lib/i386-linux-gnu/libavahi-common.so.3.5.3
7981b000-7981c000 r--p 0000b000 08:08 2233643    /usr/lib/i386-linux-gnu/libavahi-common.so.3.5.3
7981c000-7981d000 rw-p 0000c000 08:08 2233643    /usr/lib/i386-linux-gnu/libavahi-common.so.3.5.3
7981d000-798de000 r-xp 00000000 08:08 2233944    /usr/lib/i386-linux-gnu/libgnutls.so.26.22.6
798de000-798e2000 r--p 000c0000 08:08 2233944    /usr/lib/i386-linux-gnu/libgnutls.so.26.22.6
798e2000-798e3000 rw-p 000c4000 08:08 2233944    /usr/lib/i386-linux-gnu/libgnutls.so.26.22.6
798e3000-79926000 r-xp 00000000 08:08 2233975    /usr/lib/i386-linux-gnu/libgssapi_krb5.so.2.2
79926000-79927000 r--p 00042000 08:08 2233975    /usr/lib/i386-linux-gnu/libgssapi_krb5.so.2.2
79927000-79928000 rw-p 00043000 08:08 2233975    /usr/lib/i386-linux-gnu/libgssapi_krb5.so.2.2
79928000-79948000 r-xp 00000000 08:08 2234603    /usr/lib/i386-linux-gnu/libxcb.so.1.1.0
79948000-79949000 r--p 0001f000 08:08 2234603    /usr/lib/i386-linux-gnu/libxcb.so.1.1.0
79949000-7994a000 rw-p 00020000 08:08 2234603    /usr/lib/i386-linux-gnu/libxcb.so.1.1.0
7994a000-7999a000 r-xp 00000000 08:08 2228610    /usr/lib/i386-linux-gnu/libgobject-2.0.so.0.4002.0
7999a000-7999b000 r--p 0004f000 08:08 2228610    /usr/lib/i386-linux-gnu/libgobject-2.0.so.0.4002.0
7999b000-7999c000 rw-p 00050000 08:08 2228610    /usr/lib/i386-linux-gnu/libgobject-2.0.so.0.4002.0
7999c000-79b19000 r-xp 00000000 08:08 2228679    /usr/lib/i386-linux-gnu/libgio-2.0.so.0.4002.0
79b19000-79b1b000 r--p 0017d000 08:08 2228679    /usr/lib/i386-linux-gnu/libgio-2.0.so.0.4002.0
79b1b000-79b1c000 rw-p 0017f000 08:08 2228679    /usr/lib/i386-linux-gnu/libgio-2.0.so.0.4002.0
79b1c000-79b1d000 rw-p 00000000 00:00 0 
79b1d000-79b56000 r-xp 00000000 08:08 2233829    /usr/lib/i386-linux-gnu/libfontconfig.so.1.8.0
79b56000-79b57000 r--p 00039000 08:08 2233829    /usr/lib/i386-linux-gnu/libfontconfig.so.1.8.0
79b57000-79b58000 rw-p 0003a000 08:08 2233829    /usr/lib/i386-linux-gnu/libfontconfig.so.1.8.0
79b58000-79bbf000 r-xp 00000000 08:08 2233726    /usr/lib/i386-linux-gnu/libcups.so.2
79bbf000-79bc0000 ---p 00067000 08:08 2233726    /usr/lib/i386-linux-gnu/libcups.so.2
79bc0000-79bc4000 r--p 00067000 08:08 2233726    /usr/lib/i386-linux-gnu/libcups.so.2
79bc4000-79bc5000 rw-p 0006b000 08:08 2233726    /usr/lib/i386-linux-gnu/libcups.so.2
79bc5000-79cf5000 r-xp 00000000 08:08 2233533    /usr/lib/i386-linux-gnu/libX11.so.6.3.0
79cf5000-79cf6000 r--p 00130000 08:08 2233533    /usr/lib/i386-linux-gnu/libX11.so.6.3.0
79cf6000-79cf8000 rw-p 00131000 08:08 2233533    /usr/lib/i386-linux-gnu/libX11.so.6.3.0
79cf8000-79cf9000 rw-p 00000000 00:00 0 
79cf9000-79d41000 r-xp 00000000 08:08 3562431    /usr/lib/jvm/java-7-openjdk-i386/jre/lib/i386/xawt/libmawt.so
79d41000-79d42000 r--p 00047000 08:08 3562431    /usr/lib/jvm/java-7-openjdk-i386/jre/lib/i386/xawt/libmawt.so
79d42000-79d44000 rw-p 00048000 08:08 3562431    /usr/lib/jvm/java-7-openjdk-i386/jre/lib/i386/xawt/libmawt.so
79d44000-79d45000 rw-p 00000000 00:00 0 
79d45000-79dd4000 r-xp 00000000 08:08 3560276    /usr/lib/jvm/java-7-openjdk-i386/jre/lib/i386/libawt.so
79dd4000-79dd5000 r--p 0008f000 08:08 3560276    /usr/lib/jvm/java-7-openjdk-i386/jre/lib/i386/libawt.so
79dd5000-79ddc000 rw-p 00090000 08:08 3560276    /usr/lib/jvm/java-7-openjdk-i386/jre/lib/i386/libawt.so
79ddc000-79e00000 rw-p 00000000 00:00 0 
79e00000-79efd000 rw-p 00000000 00:00 0 
79efd000-79f00000 ---p 00000000 00:00 0 
79f00000-79f37000 r-xp 00000000 08:08 5242909    /tmp/libgdxandrew/d9b40ffb/libgdx.so
79f37000-79f38000 r--p 00036000 08:08 5242909    /tmp/libgdxandrew/d9b40ffb/libgdx.so
79f38000-79f39000 rw-p 00037000 08:08 5242909    /tmp/libgdxandrew/d9b40ffb/libgdx.so
79f39000-79f3a000 ---p 00000000 00:00 0 
79f3a000-79fba000 rw-p 00000000 00:00 0          [stack:10206]
79fba000-79fbd000 ---p 00000000 00:00 0 
79fbd000-7a00b000 rw-p 00000000 00:00 0          [stack:10205]
7a00b000-7a00e000 ---p 00000000 00:00 0 
7a00e000-7a08c000 rw-p 00000000 00:00 0          [stack:10204]
7a08c000-7a08f000 ---p 00000000 00:00 0 
7a08f000-7a10d000 rw-p 00000000 00:00 0          [stack:10203]
7a10d000-7a110000 ---p 00000000 00:00 0 
7a110000-7a15e000 rw-p 00000000 00:00 0          [stack:10202]
7a15e000-7a35e000 r--p 00000000 08:08 2236631    /usr/lib/locale/locale-archive
7a35e000-7a361000 ---p 00000000 00:00 0 
7a361000-7a3af000 rw-p 00000000 00:00 0          [stack:10201]
7a3af000-7a3b2000 ---p 00000000 00:00 0 
7a3b2000-7a400000 rw-p 00000000 00:00 0          [stack:10200]
7a400000-7a500000 rw-p 00000000 00:00 0 
7a500000-7a502000 r-xp 00000000 08:08 2233537    /usr/lib/i386-linux-gnu/libXau.so.6.0.0
7a502000-7a503000 r--p 00001000 08:08 2233537    /usr/lib/i386-linux-gnu/libXau.so.6.0.0
7a503000-7a504000 rw-p 00002000 08:08 2233537    /usr/lib/i386-linux-gnu/libXau.so.6.0.0
7a504000-7a507000 r-xp 00000000 08:08 2234116    /usr/lib/i386-linux-gnu/libgmodule-2.0.so.0.4002.0
7a507000-7a508000 r--p 00002000 08:08 2234116    /usr/lib/i386-linux-gnu/libgmodule-2.0.so.0.4002.0
7a508000-7a509000 rw-p 00003000 08:08 2234116    /usr/lib/i386-linux-gnu/libgmodule-2.0.so.0.4002.0
7a509000-7a518000 r-xp 00000000 08:08 2233558    /usr/lib/i386-linux-gnu/libXi.so.6.1.0
7a518000-7a519000 r--p 0000e000 08:08 2233558    /usr/lib/i386-linux-gnu/libXi.so.6.1.0
7a519000-7a51a000 rw-p 0000f000 08:08 2233558    /usr/lib/i386-linux-gnu/libXi.so.6.1.0
7a51a000-7a523000 r-xp 00000000 08:08 2233572    /usr/lib/i386-linux-gnu/libXrender.so.1.3.0
7a523000-7a524000 r--p 00008000 08:08 2233572    /usr/lib/i386-linux-gnu/libXrender.so.1.3.0
7a524000-7a525000 rw-p 00009000 08:08 2233572    /usr/lib/i386-linux-gnu/libXrender.so.1.3.0
7a525000-7a536000 r-xp 00000000 08:08 2233550    /usr/lib/i386-linux-gnu/libXext.so.6.4.0
7a536000-7a537000 r--p 00010000 08:08 2233550    /usr/lib/i386-linux-gnu/libXext.so.6.4.0
7a537000-7a538000 rw-p 00011000 08:08 2233550    /usr/lib/i386-linux-gnu/libXext.so.6.4.0
7a538000-7a539000 ---p 00000000 00:00 0 
7a539000-7a5b9000 rw-p 00000000 00:00 0          [stack:10199]
7a5b9000-7a76a000 r--s 01d25000 08:08 3560222    /usr/lib/jvm/java-7-openjdk-i386/jre/lib/rt.jar
7a76a000-7c600000 rw-p 00000000 00:00 0 
7c600000-7c6fc000 rw-p 00000000 00:00 0 
7c6fc000-7c700000 ---p 00000000 00:00 0 
7c700000-7c705000 r-xp 00000000 08:08 2233578    /usr/lib/i386-linux-gnu/libXtst.so.6.1.0
7c705000-7c706000 r--p 00004000 08:08 2233578    /usr/lib/i386-linux-gnu/libXtst.so.6.1.0
7c706000-7c707000 rw-p 00005000 08:08 2233578    /usr/lib/i386-linux-gnu/libXtst.so.6.1.0
7c707000-7c708000 rw-s 00000000 00:04 165202     /drm mm object (deleted)
7c708000-7c709000 r-xp 00000000 08:08 3560240    /usr/lib/jvm/java-7-openjdk-i386/jre/lib/i386/libjawt.so
7c709000-7c70a000 r--p 00000000 08:08 3560240    /usr/lib/jvm/java-7-openjdk-i386/jre/lib/i386/libjawt.so
7c70a000-7c70b000 rw-p 00001000 08:08 3560240    /usr/lib/jvm/java-7-openjdk-i386/jre/lib/i386/libjawt.so
7c70b000-7c714000 r-xp 00000000 08:08 2233544    /usr/lib/i386-linux-gnu/libXcursor.so.1.0.2
7c714000-7c715000 r--p 00008000 08:08 2233544    /usr/lib/i386-linux-gnu/libXcursor.so.1.0.2
7c715000-7c716000 rw-p 00009000 08:08 2233544    /usr/lib/i386-linux-gnu/libXcursor.so.1.0.2
7c716000-7c71f000 r--s 000b9000 08:08 3560982    /usr/lib/jvm/java-7-openjdk-i386/jre/lib/resources.jar
7c71f000-7c72d000 r--s 000f2000 08:08 5243604    /home/andrew/.gradle/caches/modules-2/files-2.1/org.lwjgl.lwjgl/lwjgl/2.9.2/a9d80fe5935c7a9149f6584d9777cfd471f65489/lwjgl-2.9.2.jar
7c72d000-7c747000 r--s 0018e000 08:08 5243594    /home/andrew/.gradle/caches/modules-2/files-2.1/com.badlogicgames.gdx/gdx/1.5.3/3b8f2a7e697b097735ec8fd2b9d576d0959cb7c9/gdx-1.5.3.jar
7c747000-7c800000 rw-p 00000000 00:00 0 
7c800000-7c821000 rw-p 00000000 00:00 0 
7c821000-7c900000 ---p 00000000 00:00 0 
7c900000-7c901000 rwxp 00000000 00:00 0 
7c901000-7c906000 r--s 0004c000 08:08 3560957    /usr/lib/jvm/java-7-openjdk-i386/jre/lib/jsse.jar
7c906000-7c908000 r--s 00010000 08:08 5243592    /home/andrew/.gradle/caches/modules-2/files-2.1/com.badlogicgames.gdx/gdx-box2d/1.5.3/52bc9ff881a6eb1731eb2f54b5016425cae05024/gdx-box2d-1.5.3.jar
7c908000-7c90c000 r--s 00027000 08:08 5243605    /home/andrew/.gradle/caches/modules-2/files-2.1/org.lwjgl.lwjgl/lwjgl_util/2.9.2/4b9e37300a87799856e0bd15ed81663cdb6b0947/lwjgl_util-2.9.2.jar
7c90c000-7c90d000 r--s 00068000 08:08 5243610    /home/andrew/.gradle/caches/modules-2/files-2.1/org.lwjgl.lwjgl/lwjgl-platform/2.9.2/d55b46b40b40249d627a83a7f7f22649709d70c3/lwjgl-platform-2.9.2-natives-osx.jar
7c90d000-7c90e000 r--s 0008d000 08:08 5243609    /home/andrew/.gradle/caches/modules-2/files-2.1/org.lwjgl.lwjgl/lwjgl-platform/2.9.2/d276cdf61fe2b516c7b7f4aa1b8dea91dbdc8d56/lwjgl-platform-2.9.2-natives-linux.jar
7c90e000-7c90f000 r--s 00095000 08:08 5243608    /home/andrew/.gradle/caches/modules-2/files-2.1/org.lwjgl.lwjgl/lwjgl-platform/2.9.2/510c7d317f5e9e700b9cfaac5fd38bdebf0702e0/lwjgl-platform-2.9.2-natives-windows.jar
7c90f000-7c911000 r--s 00017000 08:08 5243607    /home/andrew/.gradle/caches/modules-2/files-2.1/org.jcraft/jorbis/0.0.17/8872d22b293e8f5d7d56ff92be966e6dc28ebdc6/jorbis-0.0.17.jar
7c911000-7c912000 r--s 00001000 08:08 5243614    /home/andrew/.gradle/caches/modules-2/files-2.1/net.java.jutils/jutils/1.0.0/e12fe1fda814bd348c1579329c86943d2cd3c6a6/jutils-1.0.0.jar
7c912000-7c913000 ---p 00000000 00:00 0 
7c913000-7c993000 rw-p 00000000 00:00 0          [stack:10198]
7c993000-7c994000 ---p 00000000 00:00 0 
7c994000-7ca1c000 rw-p 00000000 00:00 0          [stack:10197]
7ca1c000-7ca54000 rw-p 00000000 00:00 0 
7ca54000-7ca74000 rw-p 00000000 00:00 0 
7ca74000-7cb4c000 rw-p 00000000 00:00 0 
7cb4c000-7cb54000 rw-p 00000000 00:00 0 
7cb54000-7cb8c000 rw-p 00000000 00:00 0 
7cb8c000-7cbac000 rw-p 00000000 00:00 0 
7cbac000-7cc83000 rw-p 00000000 00:00 0 
7cc83000-7cc8a000 rw-p 00000000 00:00 0 
7cc8a000-7cc91000 ---p 00000000 00:00 0 
7cc91000-7ccff000 rw-p 00000000 00:00 0 
7ccff000-7dd00000 rw-p 00000000 00:00 0 
7dd00000-84d00000 rw-p 00000000 00:00 0 
84d00000-88b40000 rw-p 00000000 00:00 0 
88b40000-a3b80000 rw-p 00000000 00:00 0 
a3b80000-a48c0000 rw-p 00000000 00:00 0 
a48c0000-a5700000 ---p 00000000 00:00 0 
a5700000-b3300000 rw-p 00000000 00:00 0 
b3300000-b3304000 r--s 0002f000 08:08 5243613    /home/andrew/.gradle/caches/modules-2/files-2.1/net.java.jinput/jinput/2.0.5/39c7796b469a600f72380316f6b1f11db6c2c7c4/jinput-2.0.5.jar
b3304000-b3305000 r--s 00002000 08:08 5243615    /home/andrew/.gradle/caches/modules-2/files-2.1/net.java.jinput/jinput-platform/2.0.5/7ff832a6eb9ab6a767f1ade2b548092d0fa64795/jinput-platform-2.0.5-natives-linux.jar
b3305000-b3306000 r--s 00002000 08:08 5243617    /home/andrew/.gradle/caches/modules-2/files-2.1/net.java.jinput/jinput-platform/2.0.5/53f9c919f34d2ca9de8c51fc4e1e8282029a9232/jinput-platform-2.0.5-natives-osx.jar
b3306000-b3307000 r--s 00025000 08:08 5243616    /home/andrew/.gradle/caches/modules-2/files-2.1/net.java.jinput/jinput-platform/2.0.5/385ee093e01f587f30ee1c8a2ee7d408fd732e16/jinput-platform-2.0.5-natives-windows.jar
b3307000-b3308000 r--s 00015000 08:08 5243606    /home/andrew/.gradle/caches/modules-2/files-2.1/com.badlogicgames.jlayer/jlayer/1.0.1-gdx/7cca83cec5c1b2f011362f4d85aabd71a73b049d/jlayer-1.0.1-gdx.jar
b3308000-b3309000 r--s 000ce000 08:08 5243602    /home/andrew/.gradle/caches/modules-2/files-2.1/com.badlogicgames.gdx/gdx-platform/1.5.3/ca6446f72f86f99ae181da5d327094aa758f2023/gdx-platform-1.5.3-natives-desktop.jar
b3309000-b330a000 r--s 000fa000 08:08 5243603    /home/andrew/.gradle/caches/modules-2/files-2.1/com.badlogicgames.gdx/gdx-box2d-platform/1.5.3/b9d5a20438a0dd1270109e87ce160087bf8f4be8/gdx-box2d-platform-1.5.3-natives-desktop.jar
b330a000-b330e000 r--s 00085000 08:08 3560981    /usr/lib/jvm/java-7-openjdk-i386/jre/lib/ext/localedata.jar
b330e000-b3317000 rw-p 00000000 00:00 0 
b3317000-b33ce000 rw-p 00000000 00:00 0 
b33ce000-b360e000 rwxp 00000000 00:00 0 
b360e000-b63ce000 rw-p 00000000 00:00 0 
b63ce000-b63d9000 r-xp 00000000 08:08 655454     /lib/i386-linux-gnu/libnss_files-2.19.so
b63d9000-b63da000 r--p 0000a000 08:08 655454     /lib/i386-linux-gnu/libnss_files-2.19.so
b63da000-b63db000 rw-p 0000b000 08:08 655454     /lib/i386-linux-gnu/libnss_files-2.19.so
b63db000-b63e5000 r-xp 00000000 08:08 655458     /lib/i386-linux-gnu/libnss_nis-2.19.so
b63e5000-b63e6000 r--p 00009000 08:08 655458     /lib/i386-linux-gnu/libnss_nis-2.19.so
b63e6000-b63e7000 rw-p 0000a000 08:08 655458     /lib/i386-linux-gnu/libnss_nis-2.19.so
b63e7000-b63fc000 r-xp 00000000 08:08 656427     /lib/i386-linux-gnu/libnsl-2.19.so
b63fc000-b63fd000 r--p 00015000 08:08 656427     /lib/i386-linux-gnu/libnsl-2.19.so
b63fd000-b63fe000 rw-p 00016000 08:08 656427     /lib/i386-linux-gnu/libnsl-2.19.so
b63fe000-b6400000 rw-p 00000000 00:00 0 
b6400000-b64fe000 rw-p 00000000 00:00 0 
b64fe000-b6500000 ---p 00000000 00:00 0 
b6500000-b6503000 r--s 0001f000 08:08 5243601    /home/andrew/.gradle/caches/modules-2/files-2.1/com.badlogicgames.gdx/gdx-backend-lwjgl/1.5.3/1dac61f666ee49787b623de5ac006245a06572b1/gdx-backend-lwjgl-1.5.3.jar
b6503000-b6505000 r--s 00012000 08:08 3560979    /usr/lib/jvm/java-7-openjdk-i386/jre/lib/ext/zipfs.jar
b6505000-b6508000 r--s 0000f000 08:08 3560977    /usr/lib/jvm/java-7-openjdk-i386/jre/lib/ext/icedtea-sound.jar
b6508000-b650f000 r-xp 00000000 08:08 655453     /lib/i386-linux-gnu/libnss_compat-2.19.so
b650f000-b6510000 r--p 00006000 08:08 655453     /lib/i386-linux-gnu/libnss_compat-2.19.so
b6510000-b6511000 rw-p 00007000 08:08 655453     /lib/i386-linux-gnu/libnss_compat-2.19.so
b6511000-b6513000 r--s 00006000 08:08 2625985    /usr/share/java/java-atk-wrapper.jar
b6513000-b6517000 r--s 0003c000 08:08 3560978    /usr/lib/jvm/java-7-openjdk-i386/jre/lib/ext/sunpkcs11.jar
b6517000-b651f000 r-xp 00000000 08:08 3560237    /usr/lib/jvm/java-7-openjdk-i386/jre/lib/i386/libzip.so
b651f000-b6520000 r--p 00007000 08:08 3560237    /usr/lib/jvm/java-7-openjdk-i386/jre/lib/i386/libzip.so
b6520000-b6521000 rw-p 00008000 08:08 3560237    /usr/lib/jvm/java-7-openjdk-i386/jre/lib/i386/libzip.so
b6521000-b6529000 rw-s 00000000 08:08 5242894    /tmp/hsperfdata_andrew/10191
b6529000-b6550000 r-xp 00000000 08:08 3560236    /usr/lib/jvm/java-7-openjdk-i386/jre/lib/i386/libjava.so
b6550000-b6551000 r--p 00026000 08:08 3560236    /usr/lib/jvm/java-7-openjdk-i386/jre/lib/i386/libjava.so
b6551000-b6552000 rw-p 00027000 08:08 3560236    /usr/lib/jvm/java-7-openjdk-i386/jre/lib/i386/libjava.so
b6552000-b6559000 r-xp 00000000 08:08 655450     /lib/i386-linux-gnu/librt-2.19.so
b6559000-b655a000 r--p 00006000 08:08 655450     /lib/i386-linux-gnu/librt-2.19.so
b655a000-b655b000 rw-p 00007000 08:08 655450     /lib/i386-linux-gnu/librt-2.19.so
b655b000-b655e000 ---p 00000000 00:00 0 
b655e000-b65ac000 rw-p 00000000 00:00 0          [stack:10196]
b65ac000-b65c8000 r-xp 00000000 08:08 656400     /lib/i386-linux-gnu/libgcc_s.so.1
b65c8000-b65c9000 rw-p 0001b000 08:08 656400     /lib/i386-linux-gnu/libgcc_s.so.1
b65c9000-b660d000 r-xp 00000000 08:08 656512     /lib/i386-linux-gnu/libm-2.19.so
b660d000-b660e000 r--p 00043000 08:08 656512     /lib/i386-linux-gnu/libm-2.19.so
b660e000-b660f000 rw-p 00044000 08:08 656512     /lib/i386-linux-gnu/libm-2.19.so
b660f000-b66eb000 r-xp 00000000 08:08 2234441    /usr/lib/i386-linux-gnu/libstdc++.so.6.0.19
b66eb000-b66ec000 ---p 000dc000 08:08 2234441    /usr/lib/i386-linux-gnu/libstdc++.so.6.0.19
b66ec000-b66f0000 r--p 000dc000 08:08 2234441    /usr/lib/i386-linux-gnu/libstdc++.so.6.0.19
b66f0000-b66f1000 rw-p 000e0000 08:08 2234441    /usr/lib/i386-linux-gnu/libstdc++.so.6.0.19
b66f1000-b66f8000 rw-p 00000000 00:00 0 
b66f8000-b70e3000 r-xp 00000000 08:08 3560308    /usr/lib/jvm/java-7-openjdk-i386/jre/lib/i386/server/libjvm.so
b70e3000-b70e4000 ---p 009eb000 08:08 3560308    /usr/lib/jvm/java-7-openjdk-i386/jre/lib/i386/server/libjvm.so
b70e4000-b7136000 r--p 009eb000 08:08 3560308    /usr/lib/jvm/java-7-openjdk-i386/jre/lib/i386/server/libjvm.so
b7136000-b714a000 rw-p 00a3d000 08:08 3560308    /usr/lib/jvm/java-7-openjdk-i386/jre/lib/i386/server/libjvm.so
b714a000-b7567000 rw-p 00000000 00:00 0 
b7567000-b757f000 r-xp 00000000 08:08 656536     /lib/i386-linux-gnu/libz.so.1.2.8
b757f000-b7580000 r--p 00017000 08:08 656536     /lib/i386-linux-gnu/libz.so.1.2.8
b7580000-b7581000 rw-p 00018000 08:08 656536     /lib/i386-linux-gnu/libz.so.1.2.8
b7581000-b7582000 rw-p 00000000 00:00 0 
b7582000-b759a000 r-xp 00000000 08:08 655457     /lib/i386-linux-gnu/libpthread-2.19.so
b759a000-b759b000 r--p 00018000 08:08 655457     /lib/i386-linux-gnu/libpthread-2.19.so
b759b000-b759c000 rw-p 00019000 08:08 655457     /lib/i386-linux-gnu/libpthread-2.19.so
b759c000-b759e000 rw-p 00000000 00:00 0 
b759e000-b75a1000 r-xp 00000000 08:08 655461     /lib/i386-linux-gnu/libdl-2.19.so
b75a1000-b75a2000 r--p 00002000 08:08 655461     /lib/i386-linux-gnu/libdl-2.19.so
b75a2000-b75a3000 rw-p 00003000 08:08 655461     /lib/i386-linux-gnu/libdl-2.19.so
b75a3000-b774c000 r-xp 00000000 08:08 655455     /lib/i386-linux-gnu/libc-2.19.so
b774c000-b774e000 r--p 001a9000 08:08 655455     /lib/i386-linux-gnu/libc-2.19.so
b774e000-b774f000 rw-p 001ab000 08:08 655455     /lib/i386-linux-gnu/libc-2.19.so
b774f000-b7752000 rw-p 00000000 00:00 0 
b7752000-b7753000 r--s 00002000 08:08 3560980    /usr/lib/jvm/java-7-openjdk-i386/jre/lib/ext/dnsns.jar
b7753000-b7757000 r--s 00034000 08:08 3560976    /usr/lib/jvm/java-7-openjdk-i386/jre/lib/ext/sunjce_provider.jar
b7757000-b7758000 r--p 00855000 08:08 2236631    /usr/lib/locale/locale-archive
b7758000-b7759000 rw-p 00000000 00:00 0 
b7759000-b775a000 r--p 00000000 00:00 0 
b775a000-b7768000 r-xp 00000000 08:08 3560328    /usr/lib/jvm/java-7-openjdk-i386/jre/lib/i386/libverify.so
b7768000-b7769000 r--p 0000d000 08:08 3560328    /usr/lib/jvm/java-7-openjdk-i386/jre/lib/i386/libverify.so
b7769000-b776a000 rw-p 0000e000 08:08 3560328    /usr/lib/jvm/java-7-openjdk-i386/jre/lib/i386/libverify.so
b776a000-b7776000 r-xp 00000000 08:08 3560338    /usr/lib/jvm/java-7-openjdk-i386/jre/lib/i386/jli/libjli.so
b7776000-b7777000 r--p 0000c000 08:08 3560338    /usr/lib/jvm/java-7-openjdk-i386/jre/lib/i386/jli/libjli.so
b7777000-b7778000 rw-p 0000d000 08:08 3560338    /usr/lib/jvm/java-7-openjdk-i386/jre/lib/i386/jli/libjli.so
b7778000-b777b000 rw-p 00000000 00:00 0 
b777b000-b777c000 r-xp 00000000 00:00 0          [vdso]
b777c000-b779c000 r-xp 00000000 08:08 659653     /lib/i386-linux-gnu/ld-2.19.so
b779c000-b779d000 r--p 0001f000 08:08 659653     /lib/i386-linux-gnu/ld-2.19.so
b779d000-b779e000 rw-p 00020000 08:08 659653     /lib/i386-linux-gnu/ld-2.19.so
b779e000-bffa8000 rw-p 00000000 00:00 0 
bffa8000-bffa9000 rwxp 00000000 00:00 0 
bffa9000-bffd9000 rw-p 00000000 00:00 0 
bffda000-bfffc000 rw-p 00000000 00:00 0          [stack]
bfffc000-c0000000 rw-p 00000000 00:00 0 

VM Arguments:
jvm_args: -Dfile.encoding=UTF-8 
java_command: com.mygdx.game.desktop.DesktopLauncher
Launcher Type: SUN_STANDARD

Environment Variables:
PATH=/usr/local/sbin:/usr/local/bin:/usr/sbin:/usr/bin:/sbin:/bin:/usr/games:/usr/local/games
LD_LIBRARY_PATH=/usr/lib/jvm/java-7-openjdk-i386/jre/lib/i386/server:/usr/lib/jvm/java-7-openjdk-i386/jre/lib/i386:/usr/lib/jvm/java-7-openjdk-i386/jre/../lib/i386:/usr/lib/jvm/java-7-openjdk-i386/jre/lib/i386/client:/usr/lib/jvm/java-7-openjdk-i386/jre/lib/i386:
SHELL=/bin/bash
DISPLAY=:0

Signal Handlers:
SIGSEGV: [libjvm.so+0x80a5e0], sa_mask[0]=0x7ffbfeff, sa_flags=0x10000004
SIGBUS: [libjvm.so+0x80a5e0], sa_mask[0]=0x7ffbfeff, sa_flags=0x10000004
SIGFPE: [libjvm.so+0x6844f0], sa_mask[0]=0x7ffbfeff, sa_flags=0x10000004
SIGPIPE: [libjvm.so+0x6844f0], sa_mask[0]=0x7ffbfeff, sa_flags=0x10000004
SIGXFSZ: [libjvm.so+0x6844f0], sa_mask[0]=0x7ffbfeff, sa_flags=0x10000004
SIGILL: [libjvm.so+0x6844f0], sa_mask[0]=0x7ffbfeff, sa_flags=0x10000004
SIGUSR1: SIG_DFL, sa_mask[0]=0x00000000, sa_flags=0x00000000
SIGUSR2: [libjvm.so+0x684380], sa_mask[0]=0x00000004, sa_flags=0x10000004
SIGHUP: [libjvm.so+0x6845b0], sa_mask[0]=0x7ffbfeff, sa_flags=0x10000004
SIGINT: [libjvm.so+0x6845b0], sa_mask[0]=0x7ffbfeff, sa_flags=0x10000004
SIGTERM: [libjvm.so+0x6845b0], sa_mask[0]=0x7ffbfeff, sa_flags=0x10000004
SIGQUIT: [libjvm.so+0x6845b0], sa_mask[0]=0x7ffbfeff, sa_flags=0x10000004
SIGTRAP: SIG_DFL, sa_mask[0]=0x00000000, sa_flags=0x00000000


---------------  S Y S T E M  ---------------

OS:Ubuntu 14.04 (trusty)
uname:Linux 3.13.0-32-generic #57-Ubuntu SMP Tue Jul 15 03:51:12 UTC 2014 i686
libc:glibc 2.19 NPTL 2.19 
rlimit: STACK 8192k, CORE 0k, NPROC 23537, NOFILE 4096, AS infinity
load average:0.88 0.96 0.85

/proc/meminfo:
MemTotal:        3031916 kB
MemFree:          453392 kB
Buffers:           21524 kB
Cached:           595376 kB
SwapCached:        85516 kB
Active:          1854612 kB
Inactive:         618412 kB
Active(anon):    1749948 kB
Inactive(anon):   410224 kB
Active(file):     104664 kB
Inactive(file):   208188 kB
Unevictable:          32 kB
Mlocked:              32 kB
HighTotal:       2161056 kB
HighFree:          94364 kB
LowTotal:         870860 kB
LowFree:          359028 kB
SwapTotal:       7999484 kB
SwapFree:        7592768 kB
Dirty:               112 kB
Writeback:             0 kB
AnonPages:       1804064 kB
Mapped:           135748 kB
Shmem:            303900 kB
Slab:              50312 kB
SReclaimable:      20680 kB
SUnreclaim:        29632 kB
KernelStack:        3544 kB
PageTables:        13500 kB
NFS_Unstable:          0 kB
Bounce:                0 kB
WritebackTmp:          0 kB
CommitLimit:     9515440 kB
Committed_AS:    5944196 kB
VmallocTotal:     122880 kB
VmallocUsed:       15676 kB
VmallocChunk:      97256 kB
HardwareCorrupted:     0 kB
AnonHugePages:    317440 kB
HugePages_Total:       0
HugePages_Free:        0
HugePages_Rsvd:        0
HugePages_Surp:        0
Hugepagesize:       2048 kB
DirectMap4k:       18424 kB
DirectMap2M:      894976 kB


CPU:total 2 (2 cores per cpu, 1 threads per core) family 6 model 23 stepping 10, cmov, cx8, fxsr, mmx, sse, sse2, sse3, ssse3, tsc

/proc/cpuinfo:
processor	: 0
vendor_id	: GenuineIntel
cpu family	: 6
model		: 23
model name	: Pentium(R) Dual-Core CPU       T4200  @ 2.00GHz
stepping	: 10
microcode	: 0xa07
cpu MHz		: 1200.000
cache size	: 1024 KB
physical id	: 0
siblings	: 2
core id		: 0
cpu cores	: 2
apicid		: 0
initial apicid	: 0
fdiv_bug	: no
f00f_bug	: no
coma_bug	: no
fpu		: yes
fpu_exception	: yes
cpuid level	: 13
wp		: yes
flags		: fpu vme de pse tsc msr pae mce cx8 apic sep mtrr pge mca cmov pat pse36 clflush dts acpi mmx fxsr sse sse2 ss ht tm pbe nx lm constant_tsc arch_perfmon pebs bts aperfmperf pni dtes64 monitor ds_cpl est tm2 ssse3 cx16 xtpr pdcm xsave lahf_lm dtherm
bogomips	: 3990.33
clflush size	: 64
cache_alignment	: 64
address sizes	: 36 bits physical, 48 bits virtual
power management:

processor	: 1
vendor_id	: GenuineIntel
cpu family	: 6
model		: 23
model name	: Pentium(R) Dual-Core CPU       T4200  @ 2.00GHz
stepping	: 10
microcode	: 0xa07
cpu MHz		: 2000.000
cache size	: 1024 KB
physical id	: 0
siblings	: 2
core id		: 1
cpu cores	: 2
apicid		: 1
initial apicid	: 1
fdiv_bug	: no
f00f_bug	: no
coma_bug	: no
fpu		: yes
fpu_exception	: yes
cpuid level	: 13
wp		: yes
flags		: fpu vme de pse tsc msr pae mce cx8 apic sep mtrr pge mca cmov pat pse36 clflush dts acpi mmx fxsr sse sse2 ss ht tm pbe nx lm constant_tsc arch_perfmon pebs bts aperfmperf pni dtes64 monitor ds_cpl est tm2 ssse3 cx16 xtpr pdcm xsave lahf_lm dtherm
bogomips	: 3990.33
clflush size	: 64
cache_alignment	: 64
address sizes	: 36 bits physical, 48 bits virtual
power management:



Memory: 4k page, physical 3031916k(453392k free), swap 7999484k(7592768k free)

vm_info: OpenJDK Server VM (24.65-b04) for linux-x86 JRE (1.7.0_65-b32), built on Oct 22 2014 04:44:59 by "buildd" with gcc 4.8.2

time: Fri Jan 23 15:24:04 2015
elapsed time: 212 seconds

