#
# A fatal error has been detected by the Java Runtime Environment:
#
#  SIGSEGV (0xb) at pc=0x791fdac2, pid=25181, tid=3059411776
#
# JRE version: OpenJDK Runtime Environment (7.0_65-b32) (build 1.7.0_65-b32)
# Java VM: OpenJDK Server VM (24.65-b04 mixed mode linux-x86 )
# Derivative: IcedTea 2.5.3
# Distribution: Ubuntu 14.04 LTS, package 7u71-2.5.3-0ubuntu0.14.04.1
# Problematic frame:
# C  [libopenal.so+0x1bac2]  alcCreateContext+0xd2
#
# Failed to write core dump. Core dumps have been disabled. To enable core dumping, try "ulimit -c unlimited" before starting Java again
#
# If you would like to submit a bug report, please include
# instructions on how to reproduce the bug and visit:
#   http://icedtea.classpath.org/bugzilla
# The crash happened outside the Java Virtual Machine in native code.
# See problematic frame for where to report the bug.
#

---------------  T H R E A D  ---------------

Current thread (0xb6408c00):  JavaThread "main" [_thread_in_native, id=25186, stack(0xb655e000,0xb65af000)]

siginfo:si_signo=SIGSEGV: si_errno=0, si_code=2 (SEGV_ACCERR), si_addr=0x79efe004

Registers:
EAX=0x79efe004, EBX=0x79231ff4, ECX=0x000000ff, EDX=0x00000001
ESP=0xb65add20, EBP=0x79efdffc, ESI=0x79ee4ea0, EDI=0x00000001
EIP=0x791fdac2, EFLAGS=0x00010293, CR2=0x79efe004

Top of Stack: (sp=0xb65add20)
0xb65add20:   00000000 0000000b b65a0000 00000000
0xb65add30:   b7139000 7d113f80 b640951c b6a5a107
0xb65add40:   7d112e60 00000000 b65ade2c b33ed3b4
0xb65add50:   b33dca48 00000004 00000000 b6ba8bff
0xb65add60:   b33dca48 b33ed3b4 00000000 b6ba8c58
0xb65add70:   b7139000 000000ff fffffffe b6e16565
0xb65add80:   b6ba8c58 b7139000 b65ae0c4 b64072c0
0xb65add90:   b6ba89d1 b65addb0 00000004 0000ac44 

Instructions: (pc=0x791fdac2)
0x791fdaa2:   8d b6 00 00 00 00 8b 55 00 81 fa 11 10 00 00 74
0x791fdab2:   3b 81 fa 03 00 02 00 75 07 8b 50 fc 89 54 24 78
0x791fdac2:   8b 10 89 c5 83 c0 08 85 d2 74 3a 81 fa 07 10 00
0x791fdad2:   00 75 d3 8b 50 fc 89 54 24 7c 83 8e cc 00 00 00 

Register to memory mapping:

EAX=0x79efe004 is an unknown value
EBX=0x79231ff4: <offset 0x4fff4> in /tmp/libgdxandrew/1c78875b/libopenal.so at 0x791e2000
ECX=0x000000ff is an unknown value
EDX=0x00000001 is an unknown value
ESP=0xb65add20 is pointing into the stack for thread: 0xb6408c00
EBP=0x79efdffc is an unknown value
ESI=0x79ee4ea0 is an unknown value
EDI=0x00000001 is an unknown value


Stack: [0xb655e000,0xb65af000],  sp=0xb65add20,  free space=319k
Native frames: (J=compiled Java code, j=interpreted, Vv=VM code, C=native code)
C  [libopenal.so+0x1bac2]  alcCreateContext+0xd2

Java frames: (J=compiled Java code, j=interpreted, Vv=VM code)
j  org.lwjgl.openal.ALC10.nalcCreateContext(JJ)J+0
j  org.lwjgl.openal.ALC10.alcCreateContext(Lorg/lwjgl/openal/ALCdevice;Ljava/nio/IntBuffer;)Lorg/lwjgl/openal/ALCcontext;+8
j  org.lwjgl.openal.AL.init(Ljava/lang/String;IIZZ)V+69
j  org.lwjgl.openal.AL.create(Ljava/lang/String;IIZZ)V+246
j  org.lwjgl.openal.AL.create(Ljava/lang/String;IIZ)V+5
j  org.lwjgl.openal.AL.create()V+6
j  com.badlogic.gdx.backends.lwjgl.audio.OpenALAudio.<init>(III)V+121
j  com.badlogic.gdx.backends.lwjgl.LwjglApplication.<init>(Lcom/badlogic/gdx/ApplicationListener;Lcom/badlogic/gdx/backends/lwjgl/LwjglApplicationConfiguration;Lcom/badlogic/gdx/backends/lwjgl/LwjglGraphics;)V+107
j  com.badlogic.gdx.backends.lwjgl.LwjglApplication.<init>(Lcom/badlogic/gdx/ApplicationListener;Lcom/badlogic/gdx/backends/lwjgl/LwjglApplicationConfiguration;)V+11
j  com.mygdx.game.desktop.DesktopLauncher.main([Ljava/lang/String;)V+19
v  ~StubRoutines::call_stub

---------------  P R O C E S S  ---------------

Java Threads: ( => current thread )
  0x79ed7000 JavaThread "AWT-XAWT" daemon [_thread_in_native, id=25198, stack(0x79295000,0x792e6000)]
  0x79ec5400 JavaThread "Java2D Disposer" daemon [_thread_blocked, id=25197, stack(0x79302000,0x79353000)]
  0x7a42cc00 JavaThread "Service Thread" daemon [_thread_blocked, id=25195, stack(0x7a00b000,0x7a05c000)]
  0x7a42ac00 JavaThread "C2 CompilerThread1" daemon [_thread_blocked, id=25194, stack(0x7a05c000,0x7a0dd000)]
  0x7a428c00 JavaThread "C2 CompilerThread0" daemon [_thread_in_native, id=25193, stack(0x7a0dd000,0x7a15e000)]
  0x7a427000 JavaThread "Signal Dispatcher" daemon [_thread_blocked, id=25192, stack(0x7a15e000,0x7a1af000)]
  0x7a414400 JavaThread "Finalizer" daemon [_thread_blocked, id=25191, stack(0x7a3af000,0x7a400000)]
  0x7a412c00 JavaThread "Reference Handler" daemon [_thread_blocked, id=25190, stack(0x7c70b000,0x7c75c000)]
=>0xb6408c00 JavaThread "main" [_thread_in_native, id=25186, stack(0xb655e000,0xb65af000)]

Other Threads:
  0x7a410400 VMThread [stack: 0x7a538000,0x7a5b9000] [id=25189]
  0x7a42ec00 WatcherThread [stack: 0x79f8a000,0x7a00b000] [id=25196]

VM state:not at safepoint (normal execution)

VM Mutex/Monitor currently owned by a thread: None

Heap
 PSYoungGen      total 14080K, used 3713K [0xa3b80000, 0xa4b00000, 0xb3300000)
  eden space 12288K, 30% used [0xa3b80000,0xa3f20550,0xa4780000)
  from space 1792K, 0% used [0xa4940000,0xa4940000,0xa4b00000)
  to   space 1792K, 0% used [0xa4780000,0xa4780000,0xa4940000)
 ParOldGen       total 31488K, used 0K [0x84d00000, 0x86bc0000, 0xa3b80000)
  object space 31488K, 0% used [0x84d00000,0x84d00000,0x86bc0000)
 PSPermGen       total 16384K, used 4213K [0x7cd00000, 0x7dd00000, 0x84d00000)
  object space 16384K, 25% used [0x7cd00000,0x7d11d5a8,0x7dd00000)

Card table byte_map: [0x7cb4c000,0x7cd00000] byte_map_base: 0x7c765800

Polling page: 0xb775a000

Code Cache  [0xb33da000, 0xb361a000, 0xb63da000)
 total_blobs=201 nmethods=13 adapters=143 free_code_cache=48803Kb largest_free_block=49958144

Compilation events (10 events):
Event: 0.266 Thread 0x7a42ac00 nmethod 8 0xb3428e48 code [0xb3428fa0, 0xb34296e4]
Event: 0.315 Thread 0x7a428c00    9             sun.nio.cs.UTF_8$Decoder::decode (640 bytes)
Event: 0.330 Thread 0x7a42ac00   10 %           java.util.Properties$LineReader::readLine @ 21 (452 bytes)
Event: 0.371 Thread 0x7a42ac00 nmethod 10% 0xb342da88 code [0xb342dc00, 0xb342e470]
Event: 0.376 Thread 0x7a428c00 nmethod 9 0xb342eec8 code [0xb342f160, 0xb342fd78]
Event: 0.426 Thread 0x7a42ac00   11             java.lang.Object::<init> (1 bytes)
Event: 0.427 Thread 0x7a42ac00 nmethod 11 0xb342a9c8 code [0xb342aac0, 0xb342ab30]
Event: 0.477 Thread 0x7a42ac00   12             java.lang.String::equals (81 bytes)
Event: 0.482 Thread 0x7a42ac00 nmethod 12 0xb3431e48 code [0xb3431f40, 0xb3432150]
Event: 0.503 Thread 0x7a428c00   14             sun.net.www.ParseUtil::encodePath (336 bytes)

GC Heap History (0 events):
No events

Deoptimization events (1 events):
Event: 0.330 Thread 0xb6408c00 Uncommon trap: reason=class_check action=maybe_recompile pc=0xb34295fc method=java.util.Properties$LineReader.readLine()I @ 62

Internal exceptions (10 events):
Event: 0.476 Thread 0xb6408c00 Threw 0xa3eb4e60 at /build/buildd/openjdk-7-7u71-2.5.3/build/openjdk/hotspot/src/share/vm/prims/jvm.cpp:1284
Event: 0.479 Thread 0xb6408c00 Threw 0xa3ebc7b0 at /build/buildd/openjdk-7-7u71-2.5.3/build/openjdk/hotspot/src/share/vm/prims/jvm.cpp:1284
Event: 0.481 Thread 0xb6408c00 Threw 0xa3ec84d8 at /build/buildd/openjdk-7-7u71-2.5.3/build/openjdk/hotspot/src/share/vm/prims/jvm.cpp:1284
Event: 0.482 Thread 0xb6408c00 Threw 0xa3ecc7e8 at /build/buildd/openjdk-7-7u71-2.5.3/build/openjdk/hotspot/src/share/vm/prims/jvm.cpp:1284
Event: 0.484 Thread 0xb6408c00 Threw 0xa3ed4000 at /build/buildd/openjdk-7-7u71-2.5.3/build/openjdk/hotspot/src/share/vm/prims/jvm.cpp:1284
Event: 0.485 Thread 0xb6408c00 Threw 0xa3ed7fe0 at /build/buildd/openjdk-7-7u71-2.5.3/build/openjdk/hotspot/src/share/vm/prims/jvm.cpp:1284
Event: 0.500 Thread 0xb6408c00 Threw 0xa3edd690 at /build/buildd/openjdk-7-7u71-2.5.3/build/openjdk/hotspot/src/share/vm/prims/jvm.cpp:1284
Event: 0.501 Thread 0xb6408c00 Threw 0xa3ee23e8 at /build/buildd/openjdk-7-7u71-2.5.3/build/openjdk/hotspot/src/share/vm/prims/jvm.cpp:1284
Event: 0.502 Thread 0xb6408c00 Threw 0xa3ee6ba0 at /build/buildd/openjdk-7-7u71-2.5.3/build/openjdk/hotspot/src/share/vm/prims/jvm.cpp:1284
Event: 0.503 Thread 0xb6408c00 Threw 0xa3eeb498 at /build/buildd/openjdk-7-7u71-2.5.3/build/openjdk/hotspot/src/share/vm/prims/jvm.cpp:1284

Events (10 events):
Event: 0.500 loading class 0x79edb9e8
Event: 0.500 loading class 0x79edb9e8 done
Event: 0.501 loading class 0x79e57530
Event: 0.501 loading class 0x79e57530 done
Event: 0.502 loading class 0x091ad0d8
Event: 0.502 loading class 0x091ad0d8 done
Event: 0.502 loading class 0x79edba18
Event: 0.502 loading class 0x79edba18 done
Event: 0.503 loading class 0x79efdaa8
Event: 0.503 loading class 0x79efdaa8 done


Dynamic libraries:
08048000-08049000 r-xp 00000000 08:08 3561011    /usr/lib/jvm/java-7-openjdk-i386/jre/bin/java
08049000-0804a000 r--p 00000000 08:08 3561011    /usr/lib/jvm/java-7-openjdk-i386/jre/bin/java
0804a000-0804b000 rw-p 00001000 08:08 3561011    /usr/lib/jvm/java-7-openjdk-i386/jre/bin/java
09196000-092bb000 rw-p 00000000 00:00 0          [heap]
744ff000-78500000 rw-s 00000000 00:14 506355     /run/shm/pulse-shm-4087486045
78500000-78526000 rw-p 00000000 00:00 0 
78526000-78600000 ---p 00000000 00:00 0 
7869e000-7869f000 ---p 00000000 00:00 0 
7869f000-78e9f000 rw-p 00000000 00:00 0          [stack:25200]
78e9f000-78ea6000 r-xp 00000000 08:08 2234256    /usr/lib/i386-linux-gnu/libogg.so.0.8.1
78ea6000-78ea7000 r--p 00006000 08:08 2234256    /usr/lib/i386-linux-gnu/libogg.so.0.8.1
78ea7000-78ea8000 rw-p 00007000 08:08 2234256    /usr/lib/i386-linux-gnu/libogg.so.0.8.1
78ea8000-78ed1000 r-xp 00000000 08:08 2234530    /usr/lib/i386-linux-gnu/libvorbis.so.0.4.5
78ed1000-78ed2000 ---p 00029000 08:08 2234530    /usr/lib/i386-linux-gnu/libvorbis.so.0.4.5
78ed2000-78ed3000 r--p 00029000 08:08 2234530    /usr/lib/i386-linux-gnu/libvorbis.so.0.4.5
78ed3000-78ed4000 rw-p 0002a000 08:08 2234530    /usr/lib/i386-linux-gnu/libvorbis.so.0.4.5
78ed4000-7903a000 r-xp 00000000 08:08 2234532    /usr/lib/i386-linux-gnu/libvorbisenc.so.2.0.8
7903a000-7904b000 r--p 00165000 08:08 2234532    /usr/lib/i386-linux-gnu/libvorbisenc.so.2.0.8
7904b000-7904c000 rw-p 00176000 08:08 2234532    /usr/lib/i386-linux-gnu/libvorbisenc.so.2.0.8
7904c000-7907e000 r-xp 00000000 08:08 2233396    /usr/lib/i386-linux-gnu/libFLAC.so.8.3.0
7907e000-7907f000 r--p 00031000 08:08 2233396    /usr/lib/i386-linux-gnu/libFLAC.so.8.3.0
7907f000-79080000 rw-p 00032000 08:08 2233396    /usr/lib/i386-linux-gnu/libFLAC.so.8.3.0
79080000-79085000 r-xp 00000000 08:08 2233627    /usr/lib/i386-linux-gnu/libasyncns.so.0.3.1
79085000-79086000 r--p 00004000 08:08 2233627    /usr/lib/i386-linux-gnu/libasyncns.so.0.3.1
79086000-79087000 rw-p 00005000 08:08 2233627    /usr/lib/i386-linux-gnu/libasyncns.so.0.3.1
79087000-790f2000 r-xp 00000000 08:08 2234413    /usr/lib/i386-linux-gnu/libsndfile.so.1.0.25
790f2000-790f3000 ---p 0006b000 08:08 2234413    /usr/lib/i386-linux-gnu/libsndfile.so.1.0.25
790f3000-790f4000 r--p 0006b000 08:08 2234413    /usr/lib/i386-linux-gnu/libsndfile.so.1.0.25
790f4000-790f5000 rw-p 0006c000 08:08 2234413    /usr/lib/i386-linux-gnu/libsndfile.so.1.0.25
790f5000-790f9000 rw-p 00000000 00:00 0 
790f9000-79101000 r-xp 00000000 08:08 656533     /lib/i386-linux-gnu/libwrap.so.0.7.6
79101000-79102000 r--p 00007000 08:08 656533     /lib/i386-linux-gnu/libwrap.so.0.7.6
79102000-79103000 rw-p 00008000 08:08 656533     /lib/i386-linux-gnu/libwrap.so.0.7.6
79103000-79170000 r-xp 00000000 08:08 2236035    /usr/lib/i386-linux-gnu/pulseaudio/libpulsecommon-4.0.so
79170000-79171000 r--p 0006c000 08:08 2236035    /usr/lib/i386-linux-gnu/pulseaudio/libpulsecommon-4.0.so
79171000-79172000 rw-p 0006d000 08:08 2236035    /usr/lib/i386-linux-gnu/pulseaudio/libpulsecommon-4.0.so
79172000-7917b000 r-xp 00000000 08:08 656413     /lib/i386-linux-gnu/libjson-c.so.2.0.0
7917b000-7917c000 r--p 00008000 08:08 656413     /lib/i386-linux-gnu/libjson-c.so.2.0.0
7917c000-7917d000 rw-p 00009000 08:08 656413     /lib/i386-linux-gnu/libjson-c.so.2.0.0
7917d000-791ca000 r-xp 00000000 08:08 2234325    /usr/lib/i386-linux-gnu/libpulse.so.0.16.2
791ca000-791cb000 r--p 0004c000 08:08 2234325    /usr/lib/i386-linux-gnu/libpulse.so.0.16.2
791cb000-791cc000 rw-p 0004d000 08:08 2234325    /usr/lib/i386-linux-gnu/libpulse.so.0.16.2
791db000-791e2000 r--s 00000000 08:08 2230969    /usr/lib/i386-linux-gnu/gconv/gconv-modules.cache
791e2000-79230000 r-xp 00000000 08:08 5243656    /tmp/libgdxandrew/1c78875b/libopenal.so
79230000-79232000 r--p 0004d000 08:08 5243656    /tmp/libgdxandrew/1c78875b/libopenal.so
79232000-79233000 rw-p 0004f000 08:08 5243656    /tmp/libgdxandrew/1c78875b/libopenal.so
79233000-79292000 r-xp 00000000 08:08 5243655    /tmp/libgdxandrew/1c78875b/liblwjgl.so
79292000-79293000 ---p 0005f000 08:08 5243655    /tmp/libgdxandrew/1c78875b/liblwjgl.so
79293000-79294000 r--p 0005f000 08:08 5243655    /tmp/libgdxandrew/1c78875b/liblwjgl.so
79294000-79295000 rw-p 00060000 08:08 5243655    /tmp/libgdxandrew/1c78875b/liblwjgl.so
79295000-79298000 ---p 00000000 00:00 0 
79298000-792e6000 rw-p 00000000 00:00 0          [stack:25198]
792e6000-792ea000 r-xp 00000000 08:08 2233552    /usr/lib/i386-linux-gnu/libXfixes.so.3.1.0
792ea000-792eb000 r--p 00003000 08:08 2233552    /usr/lib/i386-linux-gnu/libXfixes.so.3.1.0
792eb000-792ec000 rw-p 00004000 08:08 2233552    /usr/lib/i386-linux-gnu/libXfixes.so.3.1.0
792ee000-792f2000 r-xp 00000000 08:08 2233588    /usr/lib/i386-linux-gnu/libXxf86vm.so.1.0.0
792f2000-792f3000 r--p 00004000 08:08 2233588    /usr/lib/i386-linux-gnu/libXxf86vm.so.1.0.0
792f3000-792f4000 rw-p 00005000 08:08 2233588    /usr/lib/i386-linux-gnu/libXxf86vm.so.1.0.0
792f4000-792fd000 r-xp 00000000 08:08 2233570    /usr/lib/i386-linux-gnu/libXrandr.so.2.2.0
792fd000-792fe000 r--p 00008000 08:08 2233570    /usr/lib/i386-linux-gnu/libXrandr.so.2.2.0
792fe000-792ff000 rw-p 00009000 08:08 2233570    /usr/lib/i386-linux-gnu/libXrandr.so.2.2.0
792ff000-79300000 r-xp 00000000 08:08 3560240    /usr/lib/jvm/java-7-openjdk-i386/jre/lib/i386/libjawt.so
79300000-79301000 r--p 00000000 08:08 3560240    /usr/lib/jvm/java-7-openjdk-i386/jre/lib/i386/libjawt.so
79301000-79302000 rw-p 00001000 08:08 3560240    /usr/lib/jvm/java-7-openjdk-i386/jre/lib/i386/libjawt.so
79302000-79305000 ---p 00000000 00:00 0 
79305000-79353000 rw-p 00000000 00:00 0          [stack:25197]
79353000-79356000 r-xp 00000000 08:08 656406     /lib/i386-linux-gnu/libgpg-error.so.0.10.0
79356000-79357000 r--p 00002000 08:08 656406     /lib/i386-linux-gnu/libgpg-error.so.0.10.0
79357000-79358000 rw-p 00003000 08:08 656406     /lib/i386-linux-gnu/libgpg-error.so.0.10.0
79358000-7935a000 r-xp 00000000 08:08 656416     /lib/i386-linux-gnu/libkeyutils.so.1.4
7935a000-7935b000 r--p 00002000 08:08 656416     /lib/i386-linux-gnu/libkeyutils.so.1.4
7935b000-7935c000 rw-p 00003000 08:08 656416     /lib/i386-linux-gnu/libkeyutils.so.1.4
7935c000-79398000 r-xp 00000000 08:08 656476     /lib/i386-linux-gnu/libpcre.so.3.13.1
79398000-79399000 r--p 0003b000 08:08 656476     /lib/i386-linux-gnu/libpcre.so.3.13.1
79399000-7939a000 rw-p 0003c000 08:08 656476     /lib/i386-linux-gnu/libpcre.so.3.13.1
7939a000-793c0000 r-xp 00000000 08:08 656488     /lib/i386-linux-gnu/libpng12.so.0.50.0
793c0000-793c1000 r--p 00025000 08:08 656488     /lib/i386-linux-gnu/libpng12.so.0.50.0
793c1000-793c2000 rw-p 00026000 08:08 656488     /lib/i386-linux-gnu/libpng12.so.0.50.0
793c2000-7940b000 r-xp 00000000 08:08 656387     /lib/i386-linux-gnu/libdbus-1.so.3.7.6
7940b000-7940c000 r--p 00048000 08:08 656387     /lib/i386-linux-gnu/libdbus-1.so.3.7.6
7940c000-7940d000 rw-p 00049000 08:08 656387     /lib/i386-linux-gnu/libdbus-1.so.3.7.6
7940d000-79444000 r-xp 00000000 08:08 2234264    /usr/lib/i386-linux-gnu/libp11-kit.so.0.0.0
79444000-79445000 ---p 00037000 08:08 2234264    /usr/lib/i386-linux-gnu/libp11-kit.so.0.0.0
79445000-79448000 r--p 00037000 08:08 2234264    /usr/lib/i386-linux-gnu/libp11-kit.so.0.0.0
79448000-79449000 rw-p 0003a000 08:08 2234264    /usr/lib/i386-linux-gnu/libp11-kit.so.0.0.0
79449000-7945b000 r-xp 00000000 08:08 2234447    /usr/lib/i386-linux-gnu/libtasn1.so.6.2.0
7945b000-7945c000 r--p 00011000 08:08 2234447    /usr/lib/i386-linux-gnu/libtasn1.so.6.2.0
7945c000-7945d000 rw-p 00012000 08:08 2234447    /usr/lib/i386-linux-gnu/libtasn1.so.6.2.0
7945d000-794df000 r-xp 00000000 08:08 656402     /lib/i386-linux-gnu/libgcrypt.so.11.8.2
794df000-794e0000 r--p 00081000 08:08 656402     /lib/i386-linux-gnu/libgcrypt.so.11.8.2
794e0000-794e2000 rw-p 00082000 08:08 656402     /lib/i386-linux-gnu/libgcrypt.so.11.8.2
794e2000-794e3000 rw-p 00000000 00:00 0 
794e3000-794ed000 r-xp 00000000 08:08 2234147    /usr/lib/i386-linux-gnu/libkrb5support.so.0.1
794ed000-794ee000 r--p 00009000 08:08 2234147    /usr/lib/i386-linux-gnu/libkrb5support.so.0.1
794ee000-794ef000 rw-p 0000a000 08:08 2234147    /usr/lib/i386-linux-gnu/libkrb5support.so.0.1
794ef000-794f2000 r-xp 00000000 08:08 656382     /lib/i386-linux-gnu/libcom_err.so.2.1
794f2000-794f3000 r--p 00002000 08:08 656382     /lib/i386-linux-gnu/libcom_err.so.2.1
794f3000-794f4000 rw-p 00003000 08:08 656382     /lib/i386-linux-gnu/libcom_err.so.2.1
794f4000-79522000 r-xp 00000000 08:08 2234141    /usr/lib/i386-linux-gnu/libk5crypto.so.3.1
79522000-79523000 r--p 0002d000 08:08 2234141    /usr/lib/i386-linux-gnu/libk5crypto.so.3.1
79523000-79524000 rw-p 0002e000 08:08 2234141    /usr/lib/i386-linux-gnu/libk5crypto.so.3.1
79524000-795db000 r-xp 00000000 08:08 2234145    /usr/lib/i386-linux-gnu/libkrb5.so.3.3
795db000-795e1000 r--p 000b7000 08:08 2234145    /usr/lib/i386-linux-gnu/libkrb5.so.3.3
795e1000-795e2000 rw-p 000bd000 08:08 2234145    /usr/lib/i386-linux-gnu/libkrb5.so.3.3
795e2000-795e7000 r-xp 00000000 08:08 2233548    /usr/lib/i386-linux-gnu/libXdmcp.so.6.0.0
795e7000-795e8000 r--p 00004000 08:08 2233548    /usr/lib/i386-linux-gnu/libXdmcp.so.6.0.0
795e8000-795e9000 rw-p 00005000 08:08 2233548    /usr/lib/i386-linux-gnu/libXdmcp.so.6.0.0
795e9000-795eb000 r-xp 00000000 08:08 2233537    /usr/lib/i386-linux-gnu/libXau.so.6.0.0
795eb000-795ec000 r--p 00001000 08:08 2233537    /usr/lib/i386-linux-gnu/libXau.so.6.0.0
795ec000-795ed000 rw-p 00002000 08:08 2233537    /usr/lib/i386-linux-gnu/libXau.so.6.0.0
795ed000-795f2000 r-xp 00000000 08:08 2233815    /usr/lib/i386-linux-gnu/libffi.so.6.0.1
795f2000-795f3000 r--p 00005000 08:08 2233815    /usr/lib/i386-linux-gnu/libffi.so.6.0.1
795f3000-795f4000 rw-p 00006000 08:08 2233815    /usr/lib/i386-linux-gnu/libffi.so.6.0.1
795f4000-79607000 r-xp 00000000 08:08 655390     /lib/i386-linux-gnu/libresolv-2.19.so
79607000-79608000 ---p 00013000 08:08 655390     /lib/i386-linux-gnu/libresolv-2.19.so
79608000-79609000 r--p 00013000 08:08 655390     /lib/i386-linux-gnu/libresolv-2.19.so
79609000-7960a000 rw-p 00014000 08:08 655390     /lib/i386-linux-gnu/libresolv-2.19.so
7960a000-7960c000 rw-p 00000000 00:00 0 
7960c000-7962c000 r-xp 00000000 08:08 656503     /lib/i386-linux-gnu/libselinux.so.1
7962c000-7962d000 r--p 0001f000 08:08 656503     /lib/i386-linux-gnu/libselinux.so.1
7962d000-7962e000 rw-p 00020000 08:08 656503     /lib/i386-linux-gnu/libselinux.so.1
7962e000-7962f000 rw-p 00000000 00:00 0 
7962f000-79739000 r-xp 00000000 08:08 655389     /lib/i386-linux-gnu/libglib-2.0.so.0.4002.0
79739000-7973a000 r--p 00109000 08:08 655389     /lib/i386-linux-gnu/libglib-2.0.so.0.4002.0
7973a000-7973b000 rw-p 0010a000 08:08 655389     /lib/i386-linux-gnu/libglib-2.0.so.0.4002.0
7973b000-79760000 r-xp 00000000 08:08 656395     /lib/i386-linux-gnu/libexpat.so.1.6.0
79760000-79761000 ---p 00025000 08:08 656395     /lib/i386-linux-gnu/libexpat.so.1.6.0
79761000-79763000 r--p 00025000 08:08 656395     /lib/i386-linux-gnu/libexpat.so.1.6.0
79763000-79764000 rw-p 00027000 08:08 656395     /lib/i386-linux-gnu/libexpat.so.1.6.0
79764000-797fe000 r-xp 00000000 08:08 2233857    /usr/lib/i386-linux-gnu/libfreetype.so.6.11.1
797fe000-797ff000 ---p 0009a000 08:08 2233857    /usr/lib/i386-linux-gnu/libfreetype.so.6.11.1
797ff000-79803000 r--p 0009a000 08:08 2233857    /usr/lib/i386-linux-gnu/libfreetype.so.6.11.1
79803000-79804000 rw-p 0009e000 08:08 2233857    /usr/lib/i386-linux-gnu/libfreetype.so.6.11.1
79804000-79814000 r-xp 00000000 08:08 2233641    /usr/lib/i386-linux-gnu/libavahi-client.so.3.2.9
79814000-79815000 r--p 0000f000 08:08 2233641    /usr/lib/i386-linux-gnu/libavahi-client.so.3.2.9
79815000-79816000 rw-p 00010000 08:08 2233641    /usr/lib/i386-linux-gnu/libavahi-client.so.3.2.9
79816000-79822000 r-xp 00000000 08:08 2233643    /usr/lib/i386-linux-gnu/libavahi-common.so.3.5.3
79822000-79823000 r--p 0000b000 08:08 2233643    /usr/lib/i386-linux-gnu/libavahi-common.so.3.5.3
79823000-79824000 rw-p 0000c000 08:08 2233643    /usr/lib/i386-linux-gnu/libavahi-common.so.3.5.3
79824000-798e5000 r-xp 00000000 08:08 2233944    /usr/lib/i386-linux-gnu/libgnutls.so.26.22.6
798e5000-798e9000 r--p 000c0000 08:08 2233944    /usr/lib/i386-linux-gnu/libgnutls.so.26.22.6
798e9000-798ea000 rw-p 000c4000 08:08 2233944    /usr/lib/i386-linux-gnu/libgnutls.so.26.22.6
798ea000-7992d000 r-xp 00000000 08:08 2233975    /usr/lib/i386-linux-gnu/libgssapi_krb5.so.2.2
7992d000-7992e000 r--p 00042000 08:08 2233975    /usr/lib/i386-linux-gnu/libgssapi_krb5.so.2.2
7992e000-7992f000 rw-p 00043000 08:08 2233975    /usr/lib/i386-linux-gnu/libgssapi_krb5.so.2.2
7992f000-7994f000 r-xp 00000000 08:08 2234603    /usr/lib/i386-linux-gnu/libxcb.so.1.1.0
7994f000-79950000 r--p 0001f000 08:08 2234603    /usr/lib/i386-linux-gnu/libxcb.so.1.1.0
79950000-79951000 rw-p 00020000 08:08 2234603    /usr/lib/i386-linux-gnu/libxcb.so.1.1.0
79951000-799a1000 r-xp 00000000 08:08 2228610    /usr/lib/i386-linux-gnu/libgobject-2.0.so.0.4002.0
799a1000-799a2000 r--p 0004f000 08:08 2228610    /usr/lib/i386-linux-gnu/libgobject-2.0.so.0.4002.0
799a2000-799a3000 rw-p 00050000 08:08 2228610    /usr/lib/i386-linux-gnu/libgobject-2.0.so.0.4002.0
799a3000-79b20000 r-xp 00000000 08:08 2228679    /usr/lib/i386-linux-gnu/libgio-2.0.so.0.4002.0
79b20000-79b22000 r--p 0017d000 08:08 2228679    /usr/lib/i386-linux-gnu/libgio-2.0.so.0.4002.0
79b22000-79b23000 rw-p 0017f000 08:08 2228679    /usr/lib/i386-linux-gnu/libgio-2.0.so.0.4002.0
79b23000-79b24000 rw-p 00000000 00:00 0 
79b24000-79b5d000 r-xp 00000000 08:08 2233829    /usr/lib/i386-linux-gnu/libfontconfig.so.1.8.0
79b5d000-79b5e000 r--p 00039000 08:08 2233829    /usr/lib/i386-linux-gnu/libfontconfig.so.1.8.0
79b5e000-79b5f000 rw-p 0003a000 08:08 2233829    /usr/lib/i386-linux-gnu/libfontconfig.so.1.8.0
79b5f000-79bc6000 r-xp 00000000 08:08 2233726    /usr/lib/i386-linux-gnu/libcups.so.2
79bc6000-79bc7000 ---p 00067000 08:08 2233726    /usr/lib/i386-linux-gnu/libcups.so.2
79bc7000-79bcb000 r--p 00067000 08:08 2233726    /usr/lib/i386-linux-gnu/libcups.so.2
79bcb000-79bcc000 rw-p 0006b000 08:08 2233726    /usr/lib/i386-linux-gnu/libcups.so.2
79bcc000-79bdb000 r-xp 00000000 08:08 2233558    /usr/lib/i386-linux-gnu/libXi.so.6.1.0
79bdb000-79bdc000 r--p 0000e000 08:08 2233558    /usr/lib/i386-linux-gnu/libXi.so.6.1.0
79bdc000-79bdd000 rw-p 0000f000 08:08 2233558    /usr/lib/i386-linux-gnu/libXi.so.6.1.0
79bdd000-79be6000 r-xp 00000000 08:08 2233572    /usr/lib/i386-linux-gnu/libXrender.so.1.3.0
79be6000-79be7000 r--p 00008000 08:08 2233572    /usr/lib/i386-linux-gnu/libXrender.so.1.3.0
79be7000-79be8000 rw-p 00009000 08:08 2233572    /usr/lib/i386-linux-gnu/libXrender.so.1.3.0
79be8000-79d18000 r-xp 00000000 08:08 2233533    /usr/lib/i386-linux-gnu/libX11.so.6.3.0
79d18000-79d19000 r--p 00130000 08:08 2233533    /usr/lib/i386-linux-gnu/libX11.so.6.3.0
79d19000-79d1b000 rw-p 00131000 08:08 2233533    /usr/lib/i386-linux-gnu/libX11.so.6.3.0
79d1b000-79d1c000 rw-p 00000000 00:00 0 
79d1c000-79d2d000 r-xp 00000000 08:08 2233550    /usr/lib/i386-linux-gnu/libXext.so.6.4.0
79d2d000-79d2e000 r--p 00010000 08:08 2233550    /usr/lib/i386-linux-gnu/libXext.so.6.4.0
79d2e000-79d2f000 rw-p 00011000 08:08 2233550    /usr/lib/i386-linux-gnu/libXext.so.6.4.0
79d31000-79d3a000 r-xp 00000000 08:08 2233544    /usr/lib/i386-linux-gnu/libXcursor.so.1.0.2
79d3a000-79d3b000 r--p 00008000 08:08 2233544    /usr/lib/i386-linux-gnu/libXcursor.so.1.0.2
79d3b000-79d3c000 rw-p 00009000 08:08 2233544    /usr/lib/i386-linux-gnu/libXcursor.so.1.0.2
79d3c000-79d45000 r--s 000b9000 08:08 3560982    /usr/lib/jvm/java-7-openjdk-i386/jre/lib/resources.jar
79d45000-79dd4000 r-xp 00000000 08:08 3560276    /usr/lib/jvm/java-7-openjdk-i386/jre/lib/i386/libawt.so
79dd4000-79dd5000 r--p 0008f000 08:08 3560276    /usr/lib/jvm/java-7-openjdk-i386/jre/lib/i386/libawt.so
79dd5000-79ddc000 rw-p 00090000 08:08 3560276    /usr/lib/jvm/java-7-openjdk-i386/jre/lib/i386/libawt.so
79ddc000-79e00000 rw-p 00000000 00:00 0 
79e00000-79efe000 rw-p 00000000 00:00 0 
79efe000-79f00000 ---p 00000000 00:00 0 
79f00000-79f03000 r-xp 00000000 08:08 2234116    /usr/lib/i386-linux-gnu/libgmodule-2.0.so.0.4002.0
79f03000-79f04000 r--p 00002000 08:08 2234116    /usr/lib/i386-linux-gnu/libgmodule-2.0.so.0.4002.0
79f04000-79f05000 rw-p 00003000 08:08 2234116    /usr/lib/i386-linux-gnu/libgmodule-2.0.so.0.4002.0
79f05000-79f4d000 r-xp 00000000 08:08 3562431    /usr/lib/jvm/java-7-openjdk-i386/jre/lib/i386/xawt/libmawt.so
79f4d000-79f4e000 r--p 00047000 08:08 3562431    /usr/lib/jvm/java-7-openjdk-i386/jre/lib/i386/xawt/libmawt.so
79f4e000-79f50000 rw-p 00048000 08:08 3562431    /usr/lib/jvm/java-7-openjdk-i386/jre/lib/i386/xawt/libmawt.so
79f50000-79f51000 rw-p 00000000 00:00 0 
79f51000-79f88000 r-xp 00000000 08:08 5243653    /tmp/libgdxandrew/d9b40ffb/libgdx.so
79f88000-79f89000 r--p 00036000 08:08 5243653    /tmp/libgdxandrew/d9b40ffb/libgdx.so
79f89000-79f8a000 rw-p 00037000 08:08 5243653    /tmp/libgdxandrew/d9b40ffb/libgdx.so
79f8a000-79f8b000 ---p 00000000 00:00 0 
79f8b000-7a00b000 rw-p 00000000 00:00 0          [stack:25196]
7a00b000-7a00e000 ---p 00000000 00:00 0 
7a00e000-7a05c000 rw-p 00000000 00:00 0          [stack:25195]
7a05c000-7a05f000 ---p 00000000 00:00 0 
7a05f000-7a0dd000 rw-p 00000000 00:00 0          [stack:25194]
7a0dd000-7a0e0000 ---p 00000000 00:00 0 
7a0e0000-7a15e000 rw-p 00000000 00:00 0          [stack:25193]
7a15e000-7a161000 ---p 00000000 00:00 0 
7a161000-7a1af000 rw-p 00000000 00:00 0          [stack:25192]
7a1af000-7a3af000 r--p 00000000 08:08 2236631    /usr/lib/locale/locale-archive
7a3af000-7a3b2000 ---p 00000000 00:00 0 
7a3b2000-7a400000 rw-p 00000000 00:00 0          [stack:25191]
7a400000-7a4ff000 rw-p 00000000 00:00 0 
7a4ff000-7a500000 ---p 00000000 00:00 0 
7a500000-7a505000 r-xp 00000000 08:08 2233578    /usr/lib/i386-linux-gnu/libXtst.so.6.1.0
7a505000-7a506000 r--p 00004000 08:08 2233578    /usr/lib/i386-linux-gnu/libXtst.so.6.1.0
7a506000-7a507000 rw-p 00005000 08:08 2233578    /usr/lib/i386-linux-gnu/libXtst.so.6.1.0
7a507000-7a50c000 r--s 0004c000 08:08 3560957    /usr/lib/jvm/java-7-openjdk-i386/jre/lib/jsse.jar
7a50c000-7a510000 r--s 00027000 08:08 5243605    /home/andrew/.gradle/caches/modules-2/files-2.1/org.lwjgl.lwjgl/lwjgl_util/2.9.2/4b9e37300a87799856e0bd15ed81663cdb6b0947/lwjgl_util-2.9.2.jar
7a510000-7a51e000 r--s 000f2000 08:08 5243604    /home/andrew/.gradle/caches/modules-2/files-2.1/org.lwjgl.lwjgl/lwjgl/2.9.2/a9d80fe5935c7a9149f6584d9777cfd471f65489/lwjgl-2.9.2.jar
7a51e000-7a538000 r--s 0018e000 08:08 5243594    /home/andrew/.gradle/caches/modules-2/files-2.1/com.badlogicgames.gdx/gdx/1.5.3/3b8f2a7e697b097735ec8fd2b9d576d0959cb7c9/gdx-1.5.3.jar
7a538000-7a539000 ---p 00000000 00:00 0 
7a539000-7a5b9000 rw-p 00000000 00:00 0          [stack:25189]
7a5b9000-7a76a000 r--s 01d25000 08:08 3560222    /usr/lib/jvm/java-7-openjdk-i386/jre/lib/rt.jar
7a76a000-7c600000 rw-p 00000000 00:00 0 
7c600000-7c6e1000 rw-p 00000000 00:00 0 
7c6e1000-7c700000 ---p 00000000 00:00 0 
7c701000-7c703000 r--s 00010000 08:08 5243592    /home/andrew/.gradle/caches/modules-2/files-2.1/com.badlogicgames.gdx/gdx-box2d/1.5.3/52bc9ff881a6eb1731eb2f54b5016425cae05024/gdx-box2d-1.5.3.jar
7c703000-7c704000 r--s 00068000 08:08 5243610    /home/andrew/.gradle/caches/modules-2/files-2.1/org.lwjgl.lwjgl/lwjgl-platform/2.9.2/d55b46b40b40249d627a83a7f7f22649709d70c3/lwjgl-platform-2.9.2-natives-osx.jar
7c704000-7c705000 r--s 0008d000 08:08 5243609    /home/andrew/.gradle/caches/modules-2/files-2.1/org.lwjgl.lwjgl/lwjgl-platform/2.9.2/d276cdf61fe2b516c7b7f4aa1b8dea91dbdc8d56/lwjgl-platform-2.9.2-natives-linux.jar
7c705000-7c707000 r--s 00017000 08:08 5243607    /home/andrew/.gradle/caches/modules-2/files-2.1/org.jcraft/jorbis/0.0.17/8872d22b293e8f5d7d56ff92be966e6dc28ebdc6/jorbis-0.0.17.jar
7c707000-7c70b000 r--s 0002f000 08:08 5243613    /home/andrew/.gradle/caches/modules-2/files-2.1/net.java.jinput/jinput/2.0.5/39c7796b469a600f72380316f6b1f11db6c2c7c4/jinput-2.0.5.jar
7c70b000-7c70e000 ---p 00000000 00:00 0 
7c70e000-7c800000 rw-p 00000000 00:00 0          [stack:25190]
7c800000-7c821000 rw-p 00000000 00:00 0 
7c821000-7c900000 ---p 00000000 00:00 0 
7c900000-7c901000 r--s 00095000 08:08 5243608    /home/andrew/.gradle/caches/modules-2/files-2.1/org.lwjgl.lwjgl/lwjgl-platform/2.9.2/510c7d317f5e9e700b9cfaac5fd38bdebf0702e0/lwjgl-platform-2.9.2-natives-windows.jar
7c901000-7c902000 r--s 00001000 08:08 5243614    /home/andrew/.gradle/caches/modules-2/files-2.1/net.java.jutils/jutils/1.0.0/e12fe1fda814bd348c1579329c86943d2cd3c6a6/jutils-1.0.0.jar
7c902000-7c903000 r--s 00002000 08:08 5243615    /home/andrew/.gradle/caches/modules-2/files-2.1/net.java.jinput/jinput-platform/2.0.5/7ff832a6eb9ab6a767f1ade2b548092d0fa64795/jinput-platform-2.0.5-natives-linux.jar
7c903000-7c904000 r--s 00002000 08:08 5243617    /home/andrew/.gradle/caches/modules-2/files-2.1/net.java.jinput/jinput-platform/2.0.5/53f9c919f34d2ca9de8c51fc4e1e8282029a9232/jinput-platform-2.0.5-natives-osx.jar
7c904000-7c905000 r--s 00025000 08:08 5243616    /home/andrew/.gradle/caches/modules-2/files-2.1/net.java.jinput/jinput-platform/2.0.5/385ee093e01f587f30ee1c8a2ee7d408fd732e16/jinput-platform-2.0.5-natives-windows.jar
7c905000-7c906000 r--s 00015000 08:08 5243606    /home/andrew/.gradle/caches/modules-2/files-2.1/com.badlogicgames.jlayer/jlayer/1.0.1-gdx/7cca83cec5c1b2f011362f4d85aabd71a73b049d/jlayer-1.0.1-gdx.jar
7c906000-7c909000 r--s 0001f000 08:08 5243601    /home/andrew/.gradle/caches/modules-2/files-2.1/com.badlogicgames.gdx/gdx-backend-lwjgl/1.5.3/1dac61f666ee49787b623de5ac006245a06572b1/gdx-backend-lwjgl-1.5.3.jar
7c909000-7c90d000 r--s 00085000 08:08 3560981    /usr/lib/jvm/java-7-openjdk-i386/jre/lib/ext/localedata.jar
7c90d000-7c90f000 r--s 00012000 08:08 3560979    /usr/lib/jvm/java-7-openjdk-i386/jre/lib/ext/zipfs.jar
7c90f000-7c912000 r--s 0000f000 08:08 3560977    /usr/lib/jvm/java-7-openjdk-i386/jre/lib/ext/icedtea-sound.jar
7c912000-7c913000 ---p 00000000 00:00 0 
7c913000-7c993000 rw-p 00000000 00:00 0          [stack:25188]
7c993000-7c994000 ---p 00000000 00:00 0 
7c994000-7ca1c000 rw-p 00000000 00:00 0          [stack:25187]
7ca1c000-7ca54000 rw-p 00000000 00:00 0 
7ca54000-7ca64000 rw-p 00000000 00:00 0 
7ca64000-7cb4c000 rw-p 00000000 00:00 0 
7cb4c000-7cb54000 rw-p 00000000 00:00 0 
7cb54000-7cb8c000 rw-p 00000000 00:00 0 
7cb8c000-7cb9c000 rw-p 00000000 00:00 0 
7cb9c000-7cc83000 rw-p 00000000 00:00 0 
7cc83000-7cc8b000 rw-p 00000000 00:00 0 
7cc8b000-7ccff000 rw-p 00000000 00:00 0 
7ccff000-7dd00000 rw-p 00000000 00:00 0 
7dd00000-84d00000 rw-p 00000000 00:00 0 
84d00000-86bc0000 rw-p 00000000 00:00 0 
86bc0000-a3b80000 rw-p 00000000 00:00 0 
a3b80000-a4b00000 rw-p 00000000 00:00 0 
a4b00000-b3300000 rw-p 00000000 00:00 0 
b3300000-b3301000 r--s 000ce000 08:08 5243602    /home/andrew/.gradle/caches/modules-2/files-2.1/com.badlogicgames.gdx/gdx-platform/1.5.3/ca6446f72f86f99ae181da5d327094aa758f2023/gdx-platform-1.5.3-natives-desktop.jar
b3301000-b3305000 r--s 0003c000 08:08 3560978    /usr/lib/jvm/java-7-openjdk-i386/jre/lib/ext/sunpkcs11.jar
b3305000-b3323000 rw-p 00000000 00:00 0 
b3323000-b33da000 rw-p 00000000 00:00 0 
b33da000-b361a000 rwxp 00000000 00:00 0 
b361a000-b63da000 rw-p 00000000 00:00 0 
b63da000-b63e5000 r-xp 00000000 08:08 655454     /lib/i386-linux-gnu/libnss_files-2.19.so
b63e5000-b63e6000 r--p 0000a000 08:08 655454     /lib/i386-linux-gnu/libnss_files-2.19.so
b63e6000-b63e7000 rw-p 0000b000 08:08 655454     /lib/i386-linux-gnu/libnss_files-2.19.so
b63e7000-b63fc000 r-xp 00000000 08:08 656427     /lib/i386-linux-gnu/libnsl-2.19.so
b63fc000-b63fd000 r--p 00015000 08:08 656427     /lib/i386-linux-gnu/libnsl-2.19.so
b63fd000-b63fe000 rw-p 00016000 08:08 656427     /lib/i386-linux-gnu/libnsl-2.19.so
b63fe000-b6400000 rw-p 00000000 00:00 0 
b6400000-b64fe000 rw-p 00000000 00:00 0 
b64fe000-b6500000 ---p 00000000 00:00 0 
b6500000-b6501000 r--s 000fa000 08:08 5243603    /home/andrew/.gradle/caches/modules-2/files-2.1/com.badlogicgames.gdx/gdx-box2d-platform/1.5.3/b9d5a20438a0dd1270109e87ce160087bf8f4be8/gdx-box2d-platform-1.5.3-natives-desktop.jar
b6501000-b650b000 r-xp 00000000 08:08 655458     /lib/i386-linux-gnu/libnss_nis-2.19.so
b650b000-b650c000 r--p 00009000 08:08 655458     /lib/i386-linux-gnu/libnss_nis-2.19.so
b650c000-b650d000 rw-p 0000a000 08:08 655458     /lib/i386-linux-gnu/libnss_nis-2.19.so
b650d000-b6514000 r-xp 00000000 08:08 655453     /lib/i386-linux-gnu/libnss_compat-2.19.so
b6514000-b6515000 r--p 00006000 08:08 655453     /lib/i386-linux-gnu/libnss_compat-2.19.so
b6515000-b6516000 rw-p 00007000 08:08 655453     /lib/i386-linux-gnu/libnss_compat-2.19.so
b6516000-b651a000 r--s 00034000 08:08 3560976    /usr/lib/jvm/java-7-openjdk-i386/jre/lib/ext/sunjce_provider.jar
b651a000-b6522000 r-xp 00000000 08:08 3560237    /usr/lib/jvm/java-7-openjdk-i386/jre/lib/i386/libzip.so
b6522000-b6523000 r--p 00007000 08:08 3560237    /usr/lib/jvm/java-7-openjdk-i386/jre/lib/i386/libzip.so
b6523000-b6524000 rw-p 00008000 08:08 3560237    /usr/lib/jvm/java-7-openjdk-i386/jre/lib/i386/libzip.so
b6524000-b652c000 rw-s 00000000 08:08 5243657    /tmp/hsperfdata_andrew/25181
b652c000-b6553000 r-xp 00000000 08:08 3560236    /usr/lib/jvm/java-7-openjdk-i386/jre/lib/i386/libjava.so
b6553000-b6554000 r--p 00026000 08:08 3560236    /usr/lib/jvm/java-7-openjdk-i386/jre/lib/i386/libjava.so
b6554000-b6555000 rw-p 00027000 08:08 3560236    /usr/lib/jvm/java-7-openjdk-i386/jre/lib/i386/libjava.so
b6555000-b655c000 r-xp 00000000 08:08 655450     /lib/i386-linux-gnu/librt-2.19.so
b655c000-b655d000 r--p 00006000 08:08 655450     /lib/i386-linux-gnu/librt-2.19.so
b655d000-b655e000 rw-p 00007000 08:08 655450     /lib/i386-linux-gnu/librt-2.19.so
b655e000-b6561000 ---p 00000000 00:00 0 
b6561000-b65af000 rw-p 00000000 00:00 0          [stack:25186]
b65af000-b65cb000 r-xp 00000000 08:08 656400     /lib/i386-linux-gnu/libgcc_s.so.1
b65cb000-b65cc000 rw-p 0001b000 08:08 656400     /lib/i386-linux-gnu/libgcc_s.so.1
b65cc000-b6610000 r-xp 00000000 08:08 656512     /lib/i386-linux-gnu/libm-2.19.so
b6610000-b6611000 r--p 00043000 08:08 656512     /lib/i386-linux-gnu/libm-2.19.so
b6611000-b6612000 rw-p 00044000 08:08 656512     /lib/i386-linux-gnu/libm-2.19.so
b6612000-b66ee000 r-xp 00000000 08:08 2234441    /usr/lib/i386-linux-gnu/libstdc++.so.6.0.19
b66ee000-b66ef000 ---p 000dc000 08:08 2234441    /usr/lib/i386-linux-gnu/libstdc++.so.6.0.19
b66ef000-b66f3000 r--p 000dc000 08:08 2234441    /usr/lib/i386-linux-gnu/libstdc++.so.6.0.19
b66f3000-b66f4000 rw-p 000e0000 08:08 2234441    /usr/lib/i386-linux-gnu/libstdc++.so.6.0.19
b66f4000-b66fb000 rw-p 00000000 00:00 0 
b66fb000-b70e6000 r-xp 00000000 08:08 3560308    /usr/lib/jvm/java-7-openjdk-i386/jre/lib/i386/server/libjvm.so
b70e6000-b70e7000 ---p 009eb000 08:08 3560308    /usr/lib/jvm/java-7-openjdk-i386/jre/lib/i386/server/libjvm.so
b70e7000-b7139000 r--p 009eb000 08:08 3560308    /usr/lib/jvm/java-7-openjdk-i386/jre/lib/i386/server/libjvm.so
b7139000-b714d000 rw-p 00a3d000 08:08 3560308    /usr/lib/jvm/java-7-openjdk-i386/jre/lib/i386/server/libjvm.so
b714d000-b756a000 rw-p 00000000 00:00 0 
b756a000-b7582000 r-xp 00000000 08:08 656536     /lib/i386-linux-gnu/libz.so.1.2.8
b7582000-b7583000 r--p 00017000 08:08 656536     /lib/i386-linux-gnu/libz.so.1.2.8
b7583000-b7584000 rw-p 00018000 08:08 656536     /lib/i386-linux-gnu/libz.so.1.2.8
b7584000-b7585000 rw-p 00000000 00:00 0 
b7585000-b759d000 r-xp 00000000 08:08 655457     /lib/i386-linux-gnu/libpthread-2.19.so
b759d000-b759e000 r--p 00018000 08:08 655457     /lib/i386-linux-gnu/libpthread-2.19.so
b759e000-b759f000 rw-p 00019000 08:08 655457     /lib/i386-linux-gnu/libpthread-2.19.so
b759f000-b75a1000 rw-p 00000000 00:00 0 
b75a1000-b75a4000 r-xp 00000000 08:08 655461     /lib/i386-linux-gnu/libdl-2.19.so
b75a4000-b75a5000 r--p 00002000 08:08 655461     /lib/i386-linux-gnu/libdl-2.19.so
b75a5000-b75a6000 rw-p 00003000 08:08 655461     /lib/i386-linux-gnu/libdl-2.19.so
b75a6000-b774f000 r-xp 00000000 08:08 655455     /lib/i386-linux-gnu/libc-2.19.so
b774f000-b7751000 r--p 001a9000 08:08 655455     /lib/i386-linux-gnu/libc-2.19.so
b7751000-b7752000 rw-p 001ab000 08:08 655455     /lib/i386-linux-gnu/libc-2.19.so
b7752000-b7755000 rw-p 00000000 00:00 0 
b7755000-b7757000 r--s 00006000 08:08 2625985    /usr/share/java/java-atk-wrapper.jar
b7757000-b7758000 r--s 00002000 08:08 3560980    /usr/lib/jvm/java-7-openjdk-i386/jre/lib/ext/dnsns.jar
b7758000-b7759000 r--p 00855000 08:08 2236631    /usr/lib/locale/locale-archive
b7759000-b775a000 rw-p 00000000 00:00 0 
b775a000-b775b000 r--p 00000000 00:00 0 
b775b000-b7769000 r-xp 00000000 08:08 3560328    /usr/lib/jvm/java-7-openjdk-i386/jre/lib/i386/libverify.so
b7769000-b776a000 r--p 0000d000 08:08 3560328    /usr/lib/jvm/java-7-openjdk-i386/jre/lib/i386/libverify.so
b776a000-b776b000 rw-p 0000e000 08:08 3560328    /usr/lib/jvm/java-7-openjdk-i386/jre/lib/i386/libverify.so
b776b000-b7777000 r-xp 00000000 08:08 3560338    /usr/lib/jvm/java-7-openjdk-i386/jre/lib/i386/jli/libjli.so
b7777000-b7778000 r--p 0000c000 08:08 3560338    /usr/lib/jvm/java-7-openjdk-i386/jre/lib/i386/jli/libjli.so
b7778000-b7779000 rw-p 0000d000 08:08 3560338    /usr/lib/jvm/java-7-openjdk-i386/jre/lib/i386/jli/libjli.so
b7779000-b777c000 rw-p 00000000 00:00 0 
b777c000-b777d000 r-xp 00000000 00:00 0          [vdso]
b777d000-b779d000 r-xp 00000000 08:08 659653     /lib/i386-linux-gnu/ld-2.19.so
b779d000-b779e000 r--p 0001f000 08:08 659653     /lib/i386-linux-gnu/ld-2.19.so
b779e000-b779f000 rw-p 00020000 08:08 659653     /lib/i386-linux-gnu/ld-2.19.so
bfd06000-bfd07000 rwxp 00000000 00:00 0 
bfd38000-bfd5a000 rw-p 00000000 00:00 0          [stack]

VM Arguments:
jvm_args: -Dfile.encoding=UTF-8 
java_command: com.mygdx.game.desktop.DesktopLauncher
Launcher Type: SUN_STANDARD

Environment Variables:
PATH=/usr/local/sbin:/usr/local/bin:/usr/sbin:/usr/bin:/sbin:/bin:/usr/games:/usr/local/games
LD_LIBRARY_PATH=/usr/lib/jvm/java-7-openjdk-i386/jre/lib/i386/server:/usr/lib/jvm/java-7-openjdk-i386/jre/lib/i386:/usr/lib/jvm/java-7-openjdk-i386/jre/../lib/i386:/usr/lib/jvm/java-7-openjdk-i386/jre/lib/i386/client:/usr/lib/jvm/java-7-openjdk-i386/jre/lib/i386:
SHELL=/bin/bash
DISPLAY=:0

Signal Handlers:
SIGSEGV: [libjvm.so+0x80a5e0], sa_mask[0]=0x7ffbfeff, sa_flags=0x10000004
SIGBUS: [libjvm.so+0x80a5e0], sa_mask[0]=0x7ffbfeff, sa_flags=0x10000004
SIGFPE: [libjvm.so+0x6844f0], sa_mask[0]=0x7ffbfeff, sa_flags=0x10000004
SIGPIPE: [libjvm.so+0x6844f0], sa_mask[0]=0x7ffbfeff, sa_flags=0x10000004
SIGXFSZ: [libjvm.so+0x6844f0], sa_mask[0]=0x7ffbfeff, sa_flags=0x10000004
SIGILL: [libjvm.so+0x6844f0], sa_mask[0]=0x7ffbfeff, sa_flags=0x10000004
SIGUSR1: SIG_DFL, sa_mask[0]=0x00000000, sa_flags=0x00000000
SIGUSR2: [libjvm.so+0x684380], sa_mask[0]=0x00000004, sa_flags=0x10000004
SIGHUP: [libjvm.so+0x6845b0], sa_mask[0]=0x7ffbfeff, sa_flags=0x10000004
SIGINT: [libjvm.so+0x6845b0], sa_mask[0]=0x7ffbfeff, sa_flags=0x10000004
SIGTERM: [libjvm.so+0x6845b0], sa_mask[0]=0x7ffbfeff, sa_flags=0x10000004
SIGQUIT: [libjvm.so+0x6845b0], sa_mask[0]=0x7ffbfeff, sa_flags=0x10000004
SIGTRAP: SIG_DFL, sa_mask[0]=0x00000000, sa_flags=0x00000000


---------------  S Y S T E M  ---------------

OS:Ubuntu 14.04 (trusty)
uname:Linux 3.13.0-32-generic #57-Ubuntu SMP Tue Jul 15 03:51:12 UTC 2014 i686
libc:glibc 2.19 NPTL 2.19 
rlimit: STACK 8192k, CORE 0k, NPROC 23537, NOFILE 4096, AS infinity
load average:0.24 0.37 0.30

/proc/meminfo:
MemTotal:        3031916 kB
MemFree:          299664 kB
Buffers:           48968 kB
Cached:          1298608 kB
SwapCached:         3096 kB
Active:          1256508 kB
Inactive:        1346184 kB
Active(anon):     743648 kB
Inactive(anon):   833316 kB
Active(file):     512860 kB
Inactive(file):   512868 kB
Unevictable:          32 kB
Mlocked:              32 kB
HighTotal:       2161056 kB
HighFree:         166600 kB
LowTotal:         870860 kB
LowFree:          133064 kB
SwapTotal:       7999484 kB
SwapFree:        7910004 kB
Dirty:              1608 kB
Writeback:             0 kB
AnonPages:       1252332 kB
Mapped:           140324 kB
Shmem:            321844 kB
Slab:              67428 kB
SReclaimable:      42760 kB
SUnreclaim:        24668 kB
KernelStack:        4080 kB
PageTables:        11412 kB
NFS_Unstable:          0 kB
Bounce:                0 kB
WritebackTmp:          0 kB
CommitLimit:     9515440 kB
Committed_AS:    5021928 kB
VmallocTotal:     122880 kB
VmallocUsed:       15708 kB
VmallocChunk:      96884 kB
HardwareCorrupted:     0 kB
AnonHugePages:    606208 kB
HugePages_Total:       0
HugePages_Free:        0
HugePages_Rsvd:        0
HugePages_Surp:        0
Hugepagesize:       2048 kB
DirectMap4k:       24568 kB
DirectMap2M:      888832 kB


CPU:total 2 (2 cores per cpu, 1 threads per core) family 6 model 23 stepping 10, cmov, cx8, fxsr, mmx, sse, sse2, sse3, ssse3, tsc

/proc/cpuinfo:
processor	: 0
vendor_id	: GenuineIntel
cpu family	: 6
model		: 23
model name	: Pentium(R) Dual-Core CPU       T4200  @ 2.00GHz
stepping	: 10
microcode	: 0xa07
cpu MHz		: 2000.000
cache size	: 1024 KB
physical id	: 0
siblings	: 2
core id		: 0
cpu cores	: 2
apicid		: 0
initial apicid	: 0
fdiv_bug	: no
f00f_bug	: no
coma_bug	: no
fpu		: yes
fpu_exception	: yes
cpuid level	: 13
wp		: yes
flags		: fpu vme de pse tsc msr pae mce cx8 apic sep mtrr pge mca cmov pat pse36 clflush dts acpi mmx fxsr sse sse2 ss ht tm pbe nx lm constant_tsc arch_perfmon pebs bts aperfmperf pni dtes64 monitor ds_cpl est tm2 ssse3 cx16 xtpr pdcm xsave lahf_lm dtherm
bogomips	: 3989.99
clflush size	: 64
cache_alignment	: 64
address sizes	: 36 bits physical, 48 bits virtual
power management:

processor	: 1
vendor_id	: GenuineIntel
cpu family	: 6
model		: 23
model name	: Pentium(R) Dual-Core CPU       T4200  @ 2.00GHz
stepping	: 10
microcode	: 0xa07
cpu MHz		: 2000.000
cache size	: 1024 KB
physical id	: 0
siblings	: 2
core id		: 1
cpu cores	: 2
apicid		: 1
initial apicid	: 1
fdiv_bug	: no
f00f_bug	: no
coma_bug	: no
fpu		: yes
fpu_exception	: yes
cpuid level	: 13
wp		: yes
flags		: fpu vme de pse tsc msr pae mce cx8 apic sep mtrr pge mca cmov pat pse36 clflush dts acpi mmx fxsr sse sse2 ss ht tm pbe nx lm constant_tsc arch_perfmon pebs bts aperfmperf pni dtes64 monitor ds_cpl est tm2 ssse3 cx16 xtpr pdcm xsave lahf_lm dtherm
bogomips	: 3989.99
clflush size	: 64
cache_alignment	: 64
address sizes	: 36 bits physical, 48 bits virtual
power management:



Memory: 4k page, physical 3031916k(299540k free), swap 7999484k(7910004k free)

vm_info: OpenJDK Server VM (24.65-b04) for linux-x86 JRE (1.7.0_65-b32), built on Oct 22 2014 04:44:59 by "buildd" with gcc 4.8.2

time: Thu Jan 22 18:34:08 2015
elapsed time: 0 seconds

